563122255
692392081
773079618
547914883
386539809
921781285
547914883
195170826
960012819
692392081
97585413
386539809
845318217
97585413
195170826
386539809
780683304
921781285
692392081
780683304
780683304
386539809
386539809
960012819
743904323
845318217
773079618
692392081
960012819
845318217
780683304
97585413
979128586
780683304
386539809
195170826
195170826
386539809
547914883
960012819
547914883
773079618
921781285
773079618
773079618
845318217
195170826
780683304
547914883
979128586
960012819
547914883
773079618
547914883
773079618
547914883
195170826
921781285
97585413
195170826
960012819
97585413
386539809
386539809
960012819
773079618
692392081
547914883
547914883
195170826
871074338
692392081
563122255
547914883
845318217
97585413
195170826
692392081
845318217
97585413
489564293
773079618
547914883
386539809
489564293
773079618
845318217
390341652
845318217
960012819
386539809
692392081
97585413
845318217
692392081
692392081
386539809
97585413
692392081
773079618
845318217
921781285
390341652
195170826
386539809
692392081
780683304
386539809
547914883
128000157
489564293
845318217
128000157
921781285
773079618
547914883
692392081
773079618
547914883
960012819
780683304
773079618
386539809
386539809
97585413
845318217
871074338
773079618
390341652
195170826
386539809
773079618
773079618
547914883
692392081
512000628
773079618
845318217
960012819
773079618
386539809
386539809
773079618
97585413
97585413
547914883
773079618
97585413
547914883
390341652
921781285
386539809
921781285
563122255
390341652
845318217
386539809
780683304
773079618
773079618
386539809
97585413
692392081
773079618
960012819
692392081
845318217
773079618
773079618
743904323
97585413
692392081
692392081
845318217
547914883
845318217
845318217
195170826
195170826
390341652
773079618
97585413
97585413
195170826
845318217
845318217
97585413
547914883
97585413
195170826
97585413
845318217
692392081
390341652
960012819
845318217
97585413
97585413
128000157
386539809
692392081
547914883
51513806
195170826
386539809
692392081
845318217
489564293
773079618
547914883
390341652
979128586
773079618
960012819
97585413
845318217
773079618
780683304
692392081
386539809
845318217
921781285
97585413
390341652
743904323
97585413
921781285
960012819
195170826
547914883
692392081
780683304
692392081
871074338
386539809
780683304
195170826
773079618
780683304
692392081
773079618
386539809
692392081
195170826
773079618
960012819
390341652
773079618
692392081
97585413
128000157
845318217
489564293
773079618
780683304
845318217
979128586
390341652
97585413
773079618
195170826
97585413
97585413
960012819
960012819
97585413
97585413
195170826
386539809
386539809
547914883
692392081
386539809
97585413
845318217
773079618
195170826
773079618
547914883
921781285
780683304
921781285
921781285
845318217
960012819
97585413
960012819
25756903
97585413
773079618
692392081
97585413
692392081
97585413
386539809
386539809
547914883
390341652
547914883
97585413
386539809
845318217
780683304
845318217
97585413
921781285
773079618
845318217
390341652
195170826
845318217
386539809
386539809
780683304
773079618
692392081
97585413
773079618
773079618
773079618
780683304
692392081
97585413
960012819
692392081
435537169
773079618
390341652
195170826
773079618
386539809
195170826
780683304
386539809
97585413
845318217
692392081
386539809
547914883
773079618
960012819
773079618
773079618
489564293
773079618
390341652
195170826
547914883
845318217
921781285
845318217
547914883
386539809
390341652
979128586
692392081
547914883
195170826
25756903
960012819
386539809
390341652
692392081
256000314
97585413
845318217
692392081
195170826
386539809
563122255
386539809
773079618
390341652
845318217
386539809
547914883
780683304
773079618
547914883
547914883
390341652
773079618
386539809
195170826
921781285
780683304
195170826
692392081
386539809
97585413
547914883
390341652
547914883
547914883
692392081
921781285
780683304
845318217
773079618
195170826
773079618
547914883
921781285
25756903
386539809
128000157
489564293
97585413
97585413
256000314
97585413
692392081
845318217
547914883
692392081
960012819
386539809
97585413
97585413
692392081
773079618
97585413
195170826
97585413
921781285
195170826
692392081
743904323
390341652
845318217
773079618
921781285
97585413
97585413
960012819
773079618
845318217
386539809
845318217
773079618
386539809
780683304
692392081
773079618
960012819
97585413
921781285
743904323
780683304
547914883
960012819
97585413
773079618
773079618
386539809
386539809
390341652
97585413
773079618
195170826
195170826
97585413
773079618
921781285
773079618
386539809
547914883
773079618
386539809
979128586
845318217
547914883
547914883
97585413
773079618
692392081
386539809
716890761
547914883
692392081
773079618
195170826
195170826
845318217
97585413
692392081
960012819
979128586
845318217
97585413
773079618
773079618
195170826
547914883
547914883
195170826
979128586
386539809
692392081
845318217
773079618
97585413
547914883
773079618
871074338
386539809
780683304
692392081
386539809
773079618
195170826
921781285
563122255
386539809
256000314
195170826
773079618
773079618
692392081
692392081
195170826
960012819
386539809
390341652
547914883
547914883
195170826
692392081
97585413
386539809
386539809
773079618
97585413
960012819
195170826
773079618
547914883
773079618
692392081
921781285
97585413
386539809
386539809
773079618
773079618
390341652
692392081
97585413
547914883
773079618
773079618
773079618
780683304
390341652
692392081
773079618
386539809
845318217
97585413
871074338
845318217
692392081
773079618
386539809
845318217
921781285
845318217
773079618
780683304
547914883
195170826
390341652
390341652
97585413
128000157
773079618
921781285
780683304
97585413
386539809
97585413
97585413
773079618
773079618
386539809
845318217
195170826
386539809
692392081
692392081
547914883
386539809
386539809
845318217
773079618
845318217
773079618
773079618
547914883
547914883
97585413
195170826
386539809
128000157
195170826
563122255
773079618
743904323
97585413
97585413
960012819
960012819
845318217
773079618
195170826
386539809
773079618
921781285
845318217
960012819
386539809
256000314
547914883
773079618
386539809
773079618
386539809
386539809
563122255
773079618
773079618
547914883
386539809
845318217
489564293
979128586
195170826
780683304
386539809
845318217
97585413
195170826
692392081
960012819
743904323
390341652
386539809
692392081
390341652
386539809
386539809
547914883
97585413
845318217
386539809
128000157
773079618
773079618
845318217
489564293
547914883
97585413
773079618
960012819
960012819
386539809
97585413
979128586
97585413
547914883
692392081
97585413
386539809
386539809
773079618
97585413
547914883
845318217
547914883
780683304
921781285
773079618
195170826
386539809
960012819
921781285
692392081
195170826
386539809
692392081
195170826
386539809
979128586
921781285
386539809
960012819
547914883
773079618
97585413
773079618
773079618
547914883
128000157
547914883
97585413
195170826
845318217
195170826
547914883
773079618
780683304
921781285
25756903
547914883
195170826
921781285
773079618
547914883
773079618
845318217
386539809
97585413
921781285
845318217
960012819
845318217
692392081
773079618
845318217
128000157
97585413
547914883
195170826
845318217
563122255
692392081
195170826
195170826
563122255
128000157
97585413
390341652
921781285
386539809
195170826
386539809
692392081
195170826
195170826
921781285
845318217
921781285
921781285
195170826
692392081
845318217
960012819
390341652
128000157
921781285
386539809
386539809
845318217
780683304
845318217
563122255
547914883
871074338
547914883
773079618
563122255
845318217
386539809
390341652
921781285
692392081
489564293
390341652
195170826
960012819
845318217
386539809
195170826
390341652
773079618
386539809
390341652
960012819
547914883
979128586
97585413
773079618
743904323
921781285
547914883
390341652
845318217
386539809
845318217
979128586
773079618
773079618
979128586
386539809
386539809
692392081
692392081
195170826
386539809
773079618
97585413
386539809
692392081
97585413
390341652
97585413
692392081
845318217
921781285
547914883
386539809
547914883
845318217
386539809
547914883
128000157
390341652
960012819
563122255
960012819
773079618
489564293
692392081
386539809
921781285
692392081
97585413
195170826
979128586
97585413
692392081
979128586
390341652
845318217
97585413
780683304
979128586
386539809
97585413
773079618
256000314
390341652
773079618
547914883
128000157
845318217
773079618
547914883
128000157
489564293
921781285
390341652
563122255
390341652
386539809
97585413
256000314
386539809
773079618
845318217
489564293
773079618
780683304
390341652
845318217
692392081
128000157
547914883
773079618
773079618
195170826
97585413
195170826
489564293
547914883
773079618
773079618
780683304
692392081
547914883
386539809
692392081
773079618
386539809
390341652
692392081
692392081
386539809
195170826
921781285
128000157
97585413
547914883
