No Solution
No Solution
No Solution
A2B2C2DE2F3GI3KLMN2O6QST6VWX2Z4
No Solution
No Solution
A4B2C3D8E4H3IJ5K8L3MP2Q2R3T3U2V3X2Y9
No Solution
E2N5P3T4V9Z4
A4D7G7JM2NS9T6V5Y5
C9D7LR6T7V5X9Y3
BC4E4F5GH7J4K5M2O9P5R7SV7Y7Z7
No Solution
B2C9D9G3I4L6M2N5O9P2S4W2Z
C2D7E5J2K4N2Q7S7X3
B8C5D7F6IJ3K5M9N6O9PQ6R6T9U2V9
No Solution
A8B3D3EF2HI2K2L2N3OUV5W2X6Y2Z4
No Solution
A6CG6I2MN3PQ5V7X2Y5
No Solution
H6O6R2S2X8
C7L3U2Z2
B5J9S8V3
A2B9C5D3E3F7G2H2I6J5K5LM8NO6P8Q4R9S5T4U6V4W6X3Y8Z9
A4B3D5EF2K8L3M5O4T3U9V4WX8
No Solution
No Solution
AC8E4FG7M4N6U2WX2
G4JU9X9Z9
No Solution
A9B6C2DE7F4G7H9I4J9K6L6M9NO9P7Q3R5S9T4U3V3W6XY8Z5
No Solution
A8E4H3I3JL3O8P2R2
BF4H3L4MP2Q7W8X6Y7
B2G4J4LOP8Q4T2W3Y5
No Solution
No Solution
B2KL9M2QR3S9T4U
No Solution
A8B4C5D8EF4G6H4I8JL6M3OP7R7S8T2U4VW2XY6Z
D8F4G3Q4S9T6V2Y2
A8C7D5E9F4G3H3I4J6KL7M2N2R4S3T2U2V4Y4
A4C7D4E3F7H3J5K9M2N7O9P6Q7R3S4T4V7W2XZ7
A6BC8D9E7G2H3I9K9M5N7Q6RS8T8W4X2Y6
No Solution
L3
No Solution
B9F9I6JK6L7M2OP3Q4T8VWY6
E5F4I5J5T3Y9
A7B4C9E2F9J2MN8P9Q4R8U6W3X
No Solution
B3CD3IJ4MP2R3TU5V3W3Z5
A8I3
B8N9O2Q5V2
A6B5C2D7E5F4H6J6K2L7N3OP8R8S7V5WX3Z8
B2D2E4IJ3K3L4M8N8S3Y8Z3
No Solution
AM3O7Z6
No Solution
No Solution
C6D7E6F3G5P8S9X5
A7B6C7E9F2G5J8K8M7N8O2P7Q3R6S8T2UV6X8Y2Z5
B4CD2E6F9G3HIJ6KL6N6O4P7Q2R9S7T3U7V2W7X3Y5Z6
No Solution
No Solution
A4K4Q6V6
V6Z2
No Solution
No Solution
No Solution
A8B4D7H7K5M3Q3T2U9X7
C6D6J4Q2T3U6
A6C8D8EF3G4H8J7K6L9NO3P9R2S8T3U7V5X8YZ6
No Solution
A2B3C2E5G8HI9J7MPQ8RS5U8WX7Z4
A2BD3E7F4I2LM3N2O2PQS4UV4X6Z4
No Solution
B3FH4V4
A4B3C8D4E3F6G3H2IJ4K9L5M6N2O2P8QR7S9T2U8VWX6Y8Z6
B2C5HI2J7L6M4U2
No Solution
No Solution
No Solution
No Solution
G9H2Q2
D7IQ2Y6
B3D3EF9I8KM4N5O3P6R3S3T4U7V5W3Y7
No Solution
No Solution
A3E4H8J6M4N4P3Q7U3V6Z6
A5E5F4LN6OPS4U4V2W2X2
D6O2Q6
A2B4C4D5E7FG2H5I7JKM9NOP4Q6RT7V4WX2Y6Z
No Solution
No Solution
B2C5D7F4G3H7I4L3O4P6R2ST7U4V2W6X4Y2Z3
AB3C2DE6I6J9K7L2N6O9Q5S8V4W9X3Y4Z3
No Solution
No Solution
