3 r1 r2 r3
1 r1
8 c2 c5 c6 c7 c8 c9 c10 c12
5 c1 c2 c4 c5 c6
9 c1 c2 c3 c4 c5 c6 c7 c8 c9
2 r4 c2
5 r5 c2 c3 c5 c6
1 c2
6 r8 c1 c2 c5 c8 c11
1 c1
3 c3 c7 c8
5 c2 c3 c4 c6 c7
6 c2 c4 c5 c6 c9 c10
5 r1 r2 r4 r5 c9
7 c1 c2 c3 c4 c5 c6 c7
8 r8 r11 c3 c6 c11 c12 c13 c14
1 r1
4 r8 c3 c16 c17
6 c1 c2 c3 c4 c5 c6
1 c6
9 r4 r6 r12 c3 c4 c10 c11 c12 c14
2 c1 c2
1 r1
7 r4 r10 c3 c7 c10 c11 c12
8 r2 r3 r8 c2 c3 c4 c7 c10
7 r5 c2 c6 c7 c8 c9 c14
6 r1 r2 r4 r6 c1 c5
8 c2 c3 c4 c5 c10 c11 c13 c15
7 r2 r3 r4 r5 r7 r8 r9
8 r3 r6 c3 c5 c7 c8 c9 c10
6 r3 r5 r6 c3 c8 c13
7 c1 c2 c3 c4 c5 c6 c8
2 c1 c2
1 c1
5 c1 c2 c3 c4 c5
9 r15 c1 c4 c5 c7 c9 c13 c14 c15
5 c1 c2 c5 c7 c8
8 r1 r3 r4 c1 c2 c3 c8 c9
2 c1 c2
8 c1 c2 c3 c4 c5 c6 c7 c8
5 c1 c2 c3 c4 c8
2 c9 c11
9 r4 r7 r8 c1 c4 c9 c11 c12 c16
2 c4 c18
7 r3 r10 c3 c8 c16 c17 c18
11 r2 c1 c2 c4 c6 c7 c10 c12 c14 c15 c17
8 c1 c2 c3 c4 c5 c6 c8 c9
6 c2 c3 c6 c7 c8 c9
1 c14
2 r1 r2
8 c3 c5 c6 c7 c9 c10 c11 c12
7 c1 c2 c3 c4 c5 c6 c7
3 r1 r2 r3
1 r1
1 c2
2 r1 r2
1 c1
5 r4 c2 c3 c4 c7
1 c1
2 c1 c2
3 c5 c7 c8
1 r1
4 r1 r2 r3 r4
4 r1 r2 r3 r4
4 c1 c2 c3 c4
3 r1 r2 r3
5 r3 c7 c8 c11 c12
1 c1
3 c1 c4 c6
1 r1
3 r7 r9 c8
6 r1 r2 r3 r5 r6 c2
2 c1 c2
8 r1 r4 r5 r6 r7 r8 c4 c8
2 c1 c2
1 c13
3 r3 c1 c6
6 r1 r4 r5 r6 c1 c4
1 c1
3 c1 c2 c3
1 c3
1 c1
7 r2 r4 r5 r7 r10 r13 c4
1 c1
3 c2 c3 c4
5 r1 r3 c3 c12 c18
1 c1
3 r2 c1 c3
7 c2 c5 c6 c8 c11 c12 c13
6 r2 r3 r4 r7 c3 c8
2 c9 c11
7 r2 r13 c3 c4 c5 c10 c13
8 r6 c2 c3 c8 c9 c10 c11 c13
9 r1 r2 r3 r7 r10 c1 c3 c7 c13
6 r11 c3 c4 c7 c8 c9
7 c2 c4 c7 c8 c10 c11 c13
1 c6
9 r4 r16 c3 c4 c5 c6 c8 c10 c12
3 c1 c2 c3
6 c2 c5 c6 c7 c9 c10
