23635
16887
20872
16470
19570
16912
17026
19325
17671
16256
17671
28816
17505
16379
17521
18640
16431
17884
17633
16887
15776
18456
16323
25740
15776
18609
17426
16431
18658
16607
17426
17530
18658
19176
17110
16159
17258
20955
19049
17505
20251
17900
18609
19212
16365
16273
16682
17240
17695
16699
27345
18060
18640
17633
18640
17633
17729
15655
17416
17900
16323
18570
16155
17884
14443
18533
18742
21623
16431
21623
18533
17110
17206
17729
18640
19006
17884
17240
16682
19049
17240
20163
16887
16155
17671
20980
16552
17110
16757
17671
16379
16878
18935
18533
17900
19486
16220
16887
17530
16470
21623
16470
20108
17695
18377
16323
17679
23492
18640
16682
18658
17253
19006
18640
22082
17671
16273
15776
18377
25560
18742
28499
17110
16431
16726
17616
18028
18377
18658
19212
20108
17557
17530
16073
18533
19212
18609
17206
19570
16379
17884
16431
17240
17151
17110
18754
16726
16757
16682
20955
17304
17729
19973
16682
17671
22489
18533
17426
15655
17304
19486
16878
25462
17110
16362
17633
18570
16699
17679
17110
17110
28499
18562
18640
16726
20251
28052
17900
16912
16638
18533
19086
16638
16429
17110
17304
16470
17416
17729
16912
18377
25740
17151
17110
18533
16726
17110
17729
16726
17900
19973
17304
16607
17565
17110
16682
17884
17240
17426
16429
16431
18533
17695
18456
19240
17729
15838
18533
16682
17565
16887
17110
17110
20955
16429
16470
16638
18028
20955
17110
17884
18456
21623
17695
16362
17206
18640
17884
16878
17671
16887
16699
17900
16429
18261
16607
20955
16682
16273
16379
19917
18640
16470
16682
16155
17416
18562
23186
19973
16220
17426
17426
23401
17654
16887
15673
19006
16726
16431
17633
18533
18640
18377
16362
16887
17884
17258
16552
16682
16887
20762
17416
18570
20108
16220
18640
17304
16638
16470
17110
16362
20692
17110
19212
16365
20955
18109
19086
16682
17026
16470
16379
16470
18533
17729
20163
19690
16887
18456
16682
16607
17151
18533
16887
18742
20226
16682
16431
16887
16682
19240
16682
17890
19006
17151
17695
17505
16682
17110
17240
17379
16429
19486
17416
28499
18640
20108
17729
19006
17729
16726
18658
25740
18833
27752
17671
18533
16273
17884
24993
16431
17884
18640
17671
17240
17110
19570
17729
16431
17900
29447
16887
17240
17253
18833
21657
18377
20543
19973
18533
16887
16726
20108
17679
17304
16431
17900
16638
16552
26970
17110
21075
17110
17893
16887
17654
20955
17890
17505
20669
18640
17881
19889
18754
18060
16470
16470
19690
17900
16095
17505
18533
16470
16365
17671
16073
16379
16323
19973
16429
18533
16220
16699
17110
16757
17671
16615
22854
20598
17671
16155
17151
20955
16273
18060
16607
16431
19570
17530
23570
16699
19486
16699
17884
17900
17900
17416
16887
16365
16638
16431
18261
17110
17654
17110
17505
20108
17416
16682
19486
21623
16726
16256
21623
18456
16431
17729
19012
16638
20802
17679
18261
16273
20669
16273
22312
17392
19240
16682
18533
18570
16379
23302
17671
17110
17426
17893
31987
16429
16638
19049
17258
18533
16726
17729
17671
16155
16638
17671
17258
17729
17110
31987
16470
19325
16638
16638
17026
28771
23881
17884
18962
15838
16726
16470
16470
16726
16155
17729
17110
16220
23302
16887
20955
17671
16607
16431
20692
17163
17026
16726
23302
19006
18937
16429
16431
16155
18533
18533
20955
31987
19690
20955
18377
16552
27839
17110
17729
16726
17729
24047
16757
17654
16073
16615
18456
19570
17729
30985
16362
18060
28834
16256
17884
20669
16912
16878
17206
16379
15653
16431
19486
17110
22306
16887
18570
18377
18060
17695
16615
16470
17110
18533
16220
17884
18028
19889
18456
18640
18377
16638
18028
16638
18118
18377
15838
18060
20108
18533
17026
28052
17253
17557
17253
16470
17530
21623
16470
16470
17679
17110
18456
16362
16726
18377
16726
19212
17530
18409
30985
16145
17110
16726
16362
19486
17900
16155
17671
19176
16429
17026
25462
17729
20108
28499
16878
19240
17884
18028
17654
18640
16431
18533
20955
16757
20828
18533
20762
25063
17884
18456
25462
17521
17110
16878
17884
20163
16699
18962
16431
16470
17505
17026
17729
19250
17110
23401
22387
16365
16220
16607
16379
16638
18876
17654
16379
19486
16429
17884
23635
15653
17729
17679
17110
17110
18377
16682
16273
21395
17729
16699
17110
18640
19006
16470
17671
20251
17695
17695
20108
18533
16470
16682
16682
17654
18658
18028
16878
18640
16362
17729
19049
18570
17304
17695
23789
16155
17729
17900
18533
16429
16607
17392
18640
17110
19690
17671
19240
20872
16337
16155
17900
18377
17521
16682
25462
17021
17151
19240
19570
17206
17253
25239
16470
18640
18533
15156
17633
16682
21623
18028
17900
19570
16470
17671
17110
17633
17900
16607
17026
19486
16429
18935
17695
20955
16682
16470
16431
17565
15610
18533
16615
16682
16887
22489
17240
17884
18562
17110
18028
18833
18562
17392
17695
19006
18028
17881
19766
18533
17671
18533
17671
16365
22151
16607
16256
16431
17426
17110
19049
17240
21623
17695
16429
17671
16273
20955
16429
17426
16470
18640
17530
16365
16470
16726
17671
25462
16073
16607
17304
20108
19523
21623
16470
16878
17304
17671
17026
17884
18377
18028
17214
23865
16379
19973
28816
16682
16699
17671
18640
16726
16429
16638
15776
19973
18533
16256
17900
17695
17110
18640
17729
18060
18533
18754
17884
18028
17654
15653
17729
17021
17110
20108
17671
17729
16699
17110
16726
20980
18456
17695
20108
16273
16682
18640
15776
17900
19240
16912
18533
17671
19570
18060
17206
16615
17729
16638
19006
17110
18658
17679
17729
16362
19006
16682
19176
17505
17633
16726
17729
19486
16912
16682
17426
16256
17884
17884
16615
17110
18028
18261
17379
15776
18533
21075
17110
16256
19671
16726
17900
17633
15838
17110
16607
18533
17416
18533
17695
18533
16365
16365
18377
18456
16878
18640
17110
17884
15653
17729
18533
16638
17110
17392
17026
19030
16878
16682
16887
17505
16365
17900
16887
16887
18533
18533
16682
17392
18533
16552
18028
16638
16431
18935
18640
18640
18533
18640
17151
16379
16431
17110
17695
18533
16431
19049
25462
23897
17521
17110
17729
23642
16429
19240
18640
23800
16552
16638
16220
17679
16757
18533
18533
23642
17884
16699
16638
17654
19486
16365
16638
18640
16638
16699
17679
16682
20108
17729
19240
17110
17729
