536830824
469033022
549987468
555462598
3239952
426168504
991163308
331194730
625305320
294047734
872800810
564904138
473943400
331543200
1043404442
812289768
281982992
886502986
854973274
453657094
978209556
117827542
918633836
528953192
894435556
698773962
597006398
1039522874
877745212
130043998
149964362
148217604
350226838
31439188
1003487596
244048770
389673868
729036064
732440712
910857084
888569744
749673342
323637178
1035329014
366884980
160161728
926065314
385543288
769743140
889281860
438862330
789466502
811702564
877261992
909657594
88358004
471416002
821171520
332734578
249705666
439282578
617410806
1071590656
387502726
598024684
691888188
1046258496
154266844
266708930
247627512
879218326
415632022
837896498
14880422
120855058
391625680
122036400
884101208
690996100
272432608
250939872
236437478
363097612
105241614
123125830
210931328
89847748
532466210
473216166
262977962
645791612
112356900
1031432306
897097590
776744974
585410734
627013874
718152382
405450766
761071580
883217272
224423070
264381792
143764604
1043815544
365491180
1056979990
350705258
140061714
49504276
3036770
298519180
1034972446
365419460
899748598
93452946
907704872
1040474870
515678374
716444002
18713152
421905884
805114378
208492396
180031966
882283338
929787476
426585508
52003380
218096120
713757648
100128614
150877294
337393838
93926612
582489950
989117478
138800546
398622182
1039529548
138961844
625849496
1014043828
598760304
865308484
263775746
590258830
527323372
304238558
407395518
162656086
540913964
458097802
793741430
252137304
478123436
1032815368
467231406
305499140
470833828
728486620
581269002
660226350
201240572
370148122
216025180
290801204
363587202
42238352
568829016
476401332
1012566302
308753428
547166652
665763080
841511396
16099432
700600994
147530466
782008308
1057722320
696478902
284009482
824475996
107675026
778629314
80700640
617732744
474022232
1003665966
391429142
355380516
800301848
354034000
917449156
481017642
567601772
859144466
452351714
550588530
982468668
279954052
276916934
853275658
647676626
137292748
1069260592
329614106
127567900
799251756
176787168
73532298
437296818
709525162
465207302
299197928
769573772
5534274
910281778
903102222
948150702
278745308
487000014
443336086
51403252
492967920
979500708
162843172
622449646
948694316
316639458
461809658
180605860
451477492
979132318
892661796
889511686
14451186
304744266
450490082
266792606
720306640
807881254
434683134
894680466
566189930
656942558
690132364
489305724
828905800
183516212
253626954
332227150
414293222
552601326
755502438
981033618
625747750
532267668
720038448
328465780
845560630
567312694
950588122
251304350
135185976
955785054
131014200
490953444
888107954
452008772
300248390
868552744
442059898
421966872
836023966
1010498266
215037760
929734614
1071951162
842969436
301206782
473563184
188677178
124317858
491767822
32148554
881677898
886448494
736637616
636249168
278052066
820338988
730663456
286749472
38026596
801423158
632214552
558654184
707175064
335447068
466014680
84717192
669294862
919971912
460587068
89636092
673895322
167532552
850250410
108809530
747839892
686793824
647491450
80532856
461043622
755249748
150025640
513272626
1060044940
58246548
283852992
916823236
890472690
233711076
646964722
448085816
180095046
507451256
769766182
205786832
484831856
1034591376
1043308730
566930156
144874436
377707532
666973296
873314182
287681736
919781548
154700002
445784908
501319532
21820188
606573638
832240260
891893458
770999330
360823150
214388140
721965810
296542898
900686934
235185676
1068821320
932845392
1027165702
342294052
141760042
394286062
253612258
573784824
38034764
154164030
500346876
395657786
774135362
803040534
402855932
122589318
224594852
446662106
8200866
78543100
407871364
641200638
273918460
675136630
291620858
825573850
61780176
399575638
904768048
837396618
1021745316
964058226
218054560
227070348
436147578
1021729210
753717088
836093622
141470614
556012266
656307642
285567326
262659798
1019690486
1024201724
573017448
592164442
598209340
527185658
392797216
304301518
308524814
692967342
688741614
236145148
271332002
532814454
1002654994
929535164
975136284
960321822
822342286
192400136
638629786
154355712
38395900
209943530
570622430
886883838
985163624
391065360
6498802
870395788
170002230
486826528
477618912
706672930
836284316
636067936
741022772
781487222
392380660
721917536
477360616
650780714
403857430
192626804
952917220
453967460
1012691690
868564448
115570590
878452294
571357326
122949160
171245086
95462100
661323884
457494848
1066073380
774662856
56823670
973379420
727503908
309636990
391124908
2653112
929756966
302866432
1010065322
728367980
656975706
1006832380
557281440
747057038
110483938
373728334
760035026
702881430
426267392
306727932
1052464866
311967098
150204546
637919248
904470096
603001620
663177908
573843640
942241498
392919562
592191138
6866484
384228888
190032386
395115030
835525310
413417288
933480770
9679506
50316694
910498534
954405514
582186026
720025188
648159770
547708308
749453152
409549308
774471056
185279662
492604630
1018501038
801921932
961341420
244158914
568132364
519673072
954255654
737947938
112753890
344139248
861296784
233394264
761387150
462757420
671096532
579543246
214638744
153625462
89081252
755708988
1037384490
673482808
238408966
132243550
720018490
224461586
210991140
826771996
121789444
387251368
928604114
479037352
710472176
82571154
688633704
602868806
411230084
1064906512
676969252
10115938
769469416
436071812
60375796
560947708
236465240
664620342
346702104
849983744
194484540
10198958
478120094
423972042
1016351174
548851638
675767990
612640182
755647238
348869342
512168024
144334176
926776642
689022680
582097186
734202712
873890684
785992002
981383240
571680820
703050222
1067861388
231280112
1045370720
191222892
648498208
1022716138
964379930
169356742
848867576
850362714
246475656
106668026
995037336
53483566
641643100
963580560
801119376
227915282
462126252
825950686
136860744
655004308
25540902
687015340
622664632
579289052
1033175258
25659942
909278316
402594610
518606750
957169556
807944732
618000082
299529922
725060058
1047954614
514936136
156859070
977972980
818276900
649552738
209388888
702947210
259144368
940957926
394089054
57084226
176134854
706204986
293825930
58037306
208263944
418072834
362341050
628247298
778275752
628882488
463120546
772451416
411810144
1030111576
891685030
324513358
517722784
284868908
660991420
565819174
163993486
207881044
1033960970
734201780
1025951126
603445436
777521558
1057283850
292116334
95442032
89077348
431113964
993645860
644814694
983430408
745192674
720975256
389451334
736184836
83587382
514831074
512416848
469270450
419379266
919316342
458675432
882805300
513972194
690555770
453207424
918882152
529648114
795423780
720868358
223447724
1070524472
527727856
774527878
780292668
1033943656
1046594496
545378498
156864812
33505332
703033148
699086406
229691262
417193018
818545346
426323994
944893736
897129704
931432536
856938744
915916688
968098382
557981684
133438088
35795352
62155738
803871428
541029910
56892510
834786666
501518572
189856206
43520006
727465886
1005347606
503310408
1067120824
504700956
155157706
10104096
215756528
411557104
742870816
775552190
167436580
782661012
851475172
408136986
244307546
969759192
557418596
188034394
620333232
999237886
564989254
1040715396
912844424
439439554
582226612
942032246
143713514
290800702
645101674
205038610
93929622
523439294
473347242
759865762
1049817720
982859416
246547286
267291700
368664220
314938268
280937838
252712660
508176506
837229886
345091502
247094490
142431718
603566738
321311126
661711668
540952580
614041156
782796886
630530976
967673838
987714886
89634348
496033884
305142292
659071100
186878878
553871600
126318662
498007310
481538512
207622574
391390508
885174318
879434402
778232162
468657340
355404824
220454928
906963090
448122840
725781874
215403008
893941260
112397716
776344818
703686232
179839870
790459996
109305202
407828088
826072778
196581372
296403646
795312102
831478260
405794132
37590952
967349234
1061796114
617886470
106172364
60017072
349037022
245082964
730201588
741285828
724823370
169949934
206363456
721666708
1070813818
386479038
377058084
302636660
221557712
44465104
238316698
1023866162
308023516
57778344
686027002
109773732
536776644
407024072
936855680
838243130
1021784334
900420278
179808090
412211070
12345376
147472494
140629016
538255772
921999386
768947254
261591730
625245406
855626190
544270822
1008700210
763413690
868161006
376745262
467814856
110725436
631612562
476553170
111771840
333662490
436192542
398238630
1005750610
715111778
620993180
32603760
389922340
628956668
269993118
64931212
673415988
356593044
463514888
698393194
1060458958
744498150
453310422
234052060
449567322
41138432
639939836
674013130
323272212
836184400
510852322
963023640
789048860
658069660
18503748
489089632
997529632
441733254
794791800
52621220
888835002
543119388
623987752
273312464
802268812
2069090
205160854
718651792
764560878
624850744
529355448
252583716
207044260
261546262
42033556
69087944
56296048
562418472
53989482
163019572
916175422
983244038
918873114
947477558
666249950
324383758
317342552
1070956786
879330470
107743428
622315834
103161624
498952088
779791240
32782596
36252472
196621984
527045414
786171188
394348652
847568538
186078658
98757738
426373894
600872644
124398408
433672718
634579396
76586884
155936028
67085520
150044830
29488226
125929666
928786394
992263086
29849722
128948938
177288974
338528646
1056357032
532597576
455790098
465312694
364371694
1006778876
322808510
656856656
530564896
935138992
1067690878
694251724
596265924
161839552
650833206
331707414
743086774
511413448
888955282
366790952
343090514
858128154
1000802066
16442126
553871886
498902476
406573498
752091676
421680678
752231880
111557704
162242374
758168970
528019030
372409266
533798330
799779696
579762910
839713272
670189812
145277126
957140802
836381154
50732102
390078570
541979436
146671628
264070114
596352948
298265118
982024266
614952204
759807248
502034826
445503858
252654950
265229842
958163234
908243000
964351584
350850204
250975632
335933150
628346060
742132178
775950606
24201050
218066146
195179850
800684256
495050570
294991250
219132984
582492938
558107988
406669208
316479936
217431550
673677166
527722656
617335094
871402978
736496286
858192924
636405226
603665984
559509390
751145016
230583558
766429814
1040783494
20045716
660466030
220581100
903745790
987103576
549959238
468610190
115937594
327895644
54964774
501153932
56847182
741213696
401571074
910746060
446533622
234147928
887097250
596189096
1011735954
269909848
802248554
347956684
486447374
23756740
828867838
869910566
758560832
507900990
502677400
705438858
246380674
1071052202
663153478
198492996
1007388456
835055132
672971228
972940404
776980536
546038274
984151214
737545754
841847518
414464544
434544614
999381088
295337758
257912196
444777758
7097882
910263380
193889500
1052009516
919200008
92878384
1057899652
156872844
628583370
807985526
447345390
968972534
74681026
842143526
637637880
826044284
937755210
108976006
493446930
474081624
501310954
515909770
873447524
614059900
408075152
1060471722
132347320
555087068
451876484
582730706
78535102
960323918
667952180
729513782
780988936
947784400
597917414
895785278
717256188
266109054
257962474
285465552
118233674
986550162
315980418
851158286
1055795032
417154996
362285680
523550600
367407278
970759750
842895948
311381406
441311400
855261994
741981566
269779820
526639604
308458786
353983836
894349174
402645890
44259492
246577264
971449902
856998680
55724400
158430720
763610530
55386420
224366240
518239650
477392394
895749532
765994870
889867828
160694950
148402458
1022391572
504502662
6128778
189275016
876638708
544940330
252347364
110644192
586334152
247873140
741816842
783903328
19269602
574927534
661692058
427257492
882916318
900238734
1009347976
343556008
223621812
1057320494
757877400
450993364
1069072852
669139586
488477706
1072632694
841904078
26948068
28310076
86064050
399302878
528362446
104870764
778111180
229691718
636106412
476459752
304524366
424394168
690789928
917168512
834488208
76760028
430164694
381511158
1029593108
74750014
926315530
705196476
116523064
405206014
271413922
141054412
694841246
703011670
31831240
837088376
739862972
60040414
495313010
95133312
913176052
603234766
262162444
513633588
84204056
698978960
1014926652
209645780
787299298
80982260
1056803154
771121764
992914198
208462772
818456244
857982108
26505826
110365190
399839708
899133654
499726800
384367160
983975632
826794358
801281954
889389208
867387692
318901748
534409056
548691220
334950916
619009692
353131954
928760014
955700886
416094176
803571714
704745582
627636742
543455724
120784708
866781358
554424442
165243910
786344182
519701080
974851034
1063836470
14493370
15931070
716839298
189507548
992745308
634130100
196618878
613978670
245695630
660111002
462166404
428467454
890439390
464552280
1050593712
671036114
166408328
674067388
563988468
145415114
340951852
811794236
1020325790
470893236
548420834
479493986
243699494
44069666
220754776
882055192
1033901538
419839488
123786764
366569056
383881942
854387160
867582828
451223238
118955182
802938936
1027362906
417387718
488330466
418851734
739475282
446281236
86701970
896351082
219242166
277586868
348868514
401124814
941658036
157473016
172864604
608416622
218862206
179594908
764895372
53478154
283525884
364779328
435692014
341652590
820754904
604486454
653818490
292023078
569894586
443161588
896752158
194673608
227701608
207851882
514424502
186324298
455708876
913437226
276737642
353023406
643560892
262843238
398767766
467262840
533182340
402682104
117519272
633633522
736635818
65586626
1060361546
159539880
536267520
640526148
693604638
649798086
433851430
237631724
792269976
744691362
518166724
1048674318
103726612
669432346
897647828
917680952
85613360
621884426
476051944
201061932
588879240
992824290
921216322
458534914
214050244
917747388
962028380
378060238
957069206
808282150
331270812
24454750
844465894
1021220858
545684184
701607184
605279644
452837448
236723694
819953620
713691434
717845504
880856582
621775772
203276116
506023738
390330612
903566926
635878094
79833406
795164840
672219486
822356248
644372834
206371282
663494266
223806798
80789870
156647572
228272812
864593422
513930294
1057500352
370370506
823648382
915706798
878205956
718988602
300493192
100487188
461779896
397074808
450475488
892208034
587051738
1067817914
241554242
643927238
97382196
499738990
583043164
709408394
171916894
392039376
1007851310
468805446
468627552
45731214
171197966
232739286
721623342
107350986
903099458
442034100
836835502
816330282
680936520
13779356
581757714
600449836
433455498
168173488
615468764
32564472
235871142
270643584
223247526
794760136
654594550
198617728
116250214
652279144
429856116
896690316
671777844
565066886
32562806
699005838
272259092
567655164
956794316
862708616
702922862
859091248
551032272
1002256192
371084230
599982016
50039338
94375384
381483832
8787980
459460498
777126442
754752664
524956802
385344430
1016991550
67690846
684624456
154474708
129238842
189436100
422312120
487301688
676342798
61470136
303701192
511796254
112794210
333782438
1018432866
827196420
680271932
229426004
264288952
475526154
759887646
778170162
91025708
58368532
347972770
177701222
583716288
730966532
18952816
267983082
74307202
476994886
548376070
50996506
68519916
205413356
937250752
466538374
39677948
961731222
488812416
630993336
253679406
114691846
319783954
1029799882
82752744
1063760362
200599502
258384876
854711292
535373312
808672092
140953532
87003058
130218408
111856330
859199020
447319854
872586406
1036907380
1010699058
1007879662
394497538
200874060
236339794
165718542
115129988
790776856
456297160
327057624
599200726
327622062
874833892
466217684
1050482706
594753568
240618572
550797460
417353398
916941478
675103336
130411282
565221520
633408480
588798408
410247418
25240320
955068722
63998608
961292756
141287550
306240644
379960090
948611476
889651656
770555876
555611740
392429750
293472332
594101142
273216644
94380694
841318578
216931348
157889534
564345730
113493852
1038790986
750515574
838938694
982268000
571945512
636901496
569526228
680334690
293102926
593119008
356165710
286606876
447824878
270922494
252276716
621561178
82155492
287371452
494553296
934962328
673454856
15492582
310163114
864961736
253455844
701759688
728182324
881150280
705822502
256007166
863806274
104783896
414813524
445720798
821035714
546332024
924047566
717103298
224508878
902649120
935793562
954023894
921769956
539480530
600249856
555478278
765426310
48960450
126499982
1045816798
78932418
31573174
94878302
78486616
175379784
749571226
857398392
164818574
760804298
108585450
603161814
1044027142
576209046
926269460
890557512
628784254
445926220
159317788
544002170
299670676
274030196
262243764
452867724
805989066
1002054492
877974042
803852480
784114172
1040751752
852107354
1071841236
270005626
360953204
177326352
722914920
138376678
894616132
598281094
63651876
548705024
1009416696
206010068
1060957460
452969638
1025489574
457921420
160324508
877749300
332156368
638133578
1000535892
966602008
663591176
799802892
158134632
632476430
357772228
1014665950
940786140
197650118
104778204
581509474
197822986
103698906
471687810
152827046
542736536
361970640
96516358
1031144994
1062378364
1004567974
308918610
557977978
814352954
193102998
346377386
701216844
120477570
452443480
848348506
702637464
828864884
73275166
507142054
160413938
555174410
1048322468
96937914
654070134
651185584
126894948
770683734
601050194
330005964
268139936
294212094
102996970
632205304
226855314
294906760
619493328
744389116
290742456
815864576
252989640
354815888
813690312
260897638
560335288
289440524
728168616
774306682
733998726
567741856
1018927254
762491034
791583970
12720116
929462630
760851990
993930464
113716420
411323424
915299016
1002088554
372383456
704052348
195493692
626883496
935457474
694485230
250750136
642615868
49222884
617092626
786460072
907455956
879954004
478325656
216696552
958857112
604152284
60216550
969972920
1060022760
522607390
283492230
908664864
455229182
193411804
866227582
823984486
525443752
990479292
953199828
944594130
381039430
480933800
938737878
860055090
400740034
858194102
690886574
349886264
58683890
397020798
2389810
810713418
572835828
914870358
845232040
780584446
329649218
699508336
686698436
778989664
402912332
322877064
102941312
333272738
3473286
282323528
721379256
414182516
662285446
1023505524
311661398
582179380
990764390
440295032
1032525486
84492138
537995608
654393780
11606974
310803800
773416290
942013890
661916430
599002292
869502480
912841676
309708640
981676050
971535064
1003924446
790748520
948041744
693128614
939192018
110727738
608658044
10699662
835728792
338635142
727826196
323689874
3123038
645947124
212620528
14962484
959524726
794868472
610956942
261072190
106621520
952886666
846265398
5026482
459830822
877015664
398428622
953514594
499811120
308207696
1062183232
178184004
109495234
124343096
738298702
785176200
864948168
988971808
96439604
942606226
520733644
408402572
498594394
965868044
941760758
821859396
325775268
354292254
353836980
614064968
570251528
1034336224
261382472
45775074
79931728
167082502
958902794
280676938
194256090
270818116
211981194
375166132
887882832
32268944
837739902
674169394
891922634
77138516
60891460
541052176
249229436
456425282
694455334
691046822
478460178
150514304
305005018
119120232
42257816
564261592
813755670
365424980
927052472
458284162
536153104
788095684
325633734
480084504
198718026
260162290
618425964
75677824
381229028
818189228
1040692318
645342200
823498172
989952046
89641430
15294314
1013048126
203418540
693230710
1061092292
593946468
1011494384
167839680
753922096
855308330
277644362
244622574
633782144
434182744
720145388
861249338
69750434
705994758
216242294
380594546
302234026
816448660
510962670
425593822
364194034
1070463480
61654494
898003352
476175034
50586040
987915686
654155328
42043404
659277642
368164448
901539944
202773050
806856992
190527660
736418644
1063314216
210713302
818464072
329776802
4113878
210396094
904049702
1045960628
701972720
403619666
355696548
339047518
588567476
278537648
400055044
835017332
540636598
195423884
132838740
529366788
219373524
689700700
152588720
346420670
920618898
470363426
957310628
210263602
163937722
188506186
253873900
82729414
391755364
889484274
508630226
200661616
713205844
648307768
977428452
369302008
60445946
655836020
1065810438
967141084
12851796
1009305476
84267816
266304428
1036676888
49140632
99827294
642260934
477075016
585444942
212669106
713184362
991269598
516470332
726794472
258739878
748218262
874707162
702747028
760649838
730440090
128065068
347730122
85200458
648937432
857944102
151536168
572924372
435078932
415843342
335437786
279318266
184202776
498956864
1345136
583990968
20433864
1036342720
733354348
1044510016
911153176
334670544
595754008
194644278
452273526
396667280
997673392
228496618
676815446
849701618
878098676
600896418
996180104
720840772
750902748
42197206
339775438
859321806
897560104
150296022
705469472
457676814
38901382
816544562
540918908
808929724
439883572
1070372658
197277438
538814462
462322722
639364828
1006835168
966941310
629621508
616512158
449772718
974867430
1043700386
936860600
129613054
353400438
702332104
109393596
236698272
751180912
335790430
716870240
905719746
620642662
789333640
296592372
441720666
463735000
70780100
1066072496
654042378
787394686
100627216
872500824
866131658
269469102
611952968
918674738
385956996
710731856
445330860
474720652
263932282
419601594
740116978
1034906600
970995188
970409366
753789200
895792648
595098742
26832834
917084058
42721820
309761242
575917830
248670314
223943544
882625842
341735744
973405094
904824460
493557848
65049018
100102906
243515592
958660760
18250554
473648340
786941842
1006594976
960542538
894970020
214991320
371533922
136241988
158885420
958907718
19422464
669727530
515306454
437605192
201300714
675577482
732182292
609406068
946040810
477642032
343200276
539206190
135997278
136089110
786581396
129663396
201363484
622496222
278970930
438755138
403144366
1007769154
956195702
1001018730
824603294
322894990
925934590
725262994
229604108
985101170
768018758
239742302
363437008
434866238
661469086
972666684
27697544
899083818
733537968
309038152
64198442
647961904
831212722
190747708
1048090876
112268934
23663970
619912618
1072663190
79358398
877049490
802010830
620956724
903789774
77333224
114590044
584804220
15958166
78395286
902285324
807734614
625001812
526444082
1302248
348354346
866607432
275930472
604863776
552836470
765192642
806369036
644256678
511191408
211907712
101289102
229463986
101280044
653704982
320725072
874628604
99488584
521137616
971642136
776391620
831307064
39443540
639642074
731418608
849439030
315688858
830885920
539272674
415366774
768400262
403604422
956552604
172407330
187354238
243657860
333238406
512028658
252086064
715963904
340356402
837450408
591915778
599094192
986823490
272840158
383003036
312077344
597061516
187180012
498517444
685711806
375326216
1024526028
468637416
376420600
185243940
79491310
357064910
238910702
301810616
1049357880
1025526890
660771412
588701966
476580100
80467684
622818764
773781036
742777444
401711212
861798964
1015444310
152678446
378771020
925584648
944546198
129304750
711586528
471548840
234547868
960507926
162432306
499306048
707522630
557053676
653993176
1008428270
5107204
968323602
583077780
401487516
95979924
218629560
392452602
885050626
368502140
201303726
267271810
526354472
490704000
346721934
841536940
247259842
627194754
714796302
418859588
1073410932
440398808
200545738
532920224
212732470
171893690
925793798
196197140
37583214
685218500
138777924
206539406
34758384
743044562
109862182
105238740
684738946
928951368
973411266
191359086
283433186
300228352
382659290
962357632
771672698
329547914
1072624072
689662164
252360424
1062257032
920783800
629458546
1068560808
791857840
526964650
378630866
485083808
313869558
1033915844
178049124
140163964
587490722
702437852
30653610
407595228
1052693990
144688602
1066513258
293146494
905002230
89566230
613482362
485127136
801994164
214555492
179724990
345968654
482073298
910007340
566709636
439089206
98924494
199296532
666713914
1008944142
699018206
860186140
271120402
72080570
255736008
169551170
143985442
799196418
649457764
831077808
85752058
504018020
126484618
665033002
751959606
503261568
618580822
772098890
965881838
581140422
651993582
775668286
278278298
97656358
853881732
2648218
517150904
462521642
842540648
1046294866
364565382
227786420
479378598
1025901440
66209696
83640312
376662250
944035206
924464032
101168956
180281110
981471324
741145976
860108526
117646812
628455680
12291904
1011289098
548943590
773695456
176353846
224176280
462575482
483588872
746374538
881186612
252487394
536199696
212516094
747276652
440815718
451061510
540996654
847318384
725438538
970762962
678761880
978738112
1027197108
207965346
889573224
879978134
876523880
91315234
620093502
25635914
592440778
827260494
123831696
805090556
89791528
1018555868
145152428
523101706
420285240
777030934
5693812
361019132
340527062
608522788
383949148
247439210
557105466
118431466
383853728
20348262
292219436
221934198
1017658148
305921756
30832692
518591102
200803070
263923324
468903578
921593362
722375956
918639458
145631864
969728512
165011678
562726448
159706282
214378524
952886374
1005710978
750236402
631813480
652443346
1923198
284972212
113593992
717900590
1067163696
707811896
98447004
578140944
110262776
768048932
980691596
672420534
1005678874
640026188
1001698690
806408700
1007139724
1038719366
153956272
267453702
811710010
278901386
136565576
841243644
173254176
66292172
685836108
594589958
693908204
617943620
253708664
268834426
616062978
672473742
820441474
488106296
145128310
761754532
368373336
227986004
545003970
797549636
200803034
343221452
429799930
850040890
680245498
824797510
627426626
151437682
594373046
859827406
766634552
955104184
217648894
848146430
615696536
573757272
98204314
25431360
743209208
388116788
880837254
798560188
290182108
931812414
933446964
14767036
175948404
199671106
1013017048
674215254
484080930
546699606
859363200
506659888
258082510
85516228
495248824
665421882
700132164
434850730
518144820
408343668
951206388
809234156
154805510
701055184
558878870
575167586
898950870
461350466
699959822
721881240
747466458
903388668
898021572
366829598
403869810
16736682
965034724
203584580
634890086
227565098
526568154
355681620
767221126
507564152
794511826
280446132
1052389468
378775184
123128638
159671688
728244158
410805076
967615316
424186734
845081746
434290386
49292160
903475158
831589448
888643960
502415666
365412268
923176904
684660834
403961404
744382928
1027327128
253330276
26711842
1347820
962357488
219314030
497289072
215440354
980460034
171135034
839848438
513926928
458952708
262806330
978431014
1051210196
225595326
876980148
32800078
648837800
972358314
856811268
243805708
154957506
480969064
419094444
304502058
460392094
936614502
158502720
749457404
742050960
1061594020
308554058
1012313726
349419884
694805064
188544746
257331910
536720248
796996426
481138668
8908308
94364792
294281160
776930802
695848108
151132240
331184846
763568048
771069746
226366072
780541398
804075622
663686916
939730854
338274452
79147220
1014726622
929594908
550768034
260642754
803103936
616564006
940848162
1001376734
88395614
395227662
629359026
1031329954
963495626
499248138
894574882
680054236
950182626
148338350
922127378
307422792
404070744
1043558956
543435148
548646418
791260380
1060389868
162291078
141188078
287931120
70152278
1014674134
965193716
879723538
1021391284
365199224
838240896
177778366
466776694
448922848
278341794
565942502
834123810
52797478
872596730
10551198
74203252
503053722
349418322
1041072332
785696014
989340606
406607090
225839096
123978020
357153624
865032376
452747902
344162620
183032580
197814068
32764286
723625574
51835972
1007775374
566591174
280565312
831488926
534448218
992973480
142368738
298531426
1055803246
143742288
172147790
1069898184
169419984
885956938
954067502
109260620
1038129572
889792448
663374148
418580090
643924130
680311616
275834728
720085484
290257934
162642590
807643988
165729896
459377796
100314484
508584788
482190446
262364040
964645244
253523280
853949622
374000574
1037942656
677318262
675805398
419478070
878845200
795379338
112766514
461001408
833811728
630114100
415185110
82709850
725426652
401700170
84650512
991924900
471342772
793923362
21758484
454340018
774529670
857328646
1005498630
871244074
298096254
738390566
429863558
871729690
808343222
463949918
50379936
113492258
535110642
244042468
4853564
792835428
375969262
93663288
103010242
448943688
981826692
524368902
82142744
627100838
766334706
595820214
409154782
299013406
396393852
766575218
273936272
826953822
514839692
986412032
653129674
509440944
857453344
854000518
1361592
963967858
1037783628
729263290
586769134
121694016
688981172
186580088
461020778
76684884
531193818
706678612
902033032
508751902
663337186
997397046
608943282
679953286
1001733032
765175226
987590574
844257602
767770334
372660346
690043758
813586226
878122552
203223146
173069658
502055634
114069334
972589576
729705930
422855910
630402686
445267388
396875866
62907986
599406410
597230186
78777800
871620554
885845860
930567474
107164754
484173656
816056180
584426824
876756296
917876630
1007798102
1038237554
918282238
461818930
287869462
1028701654
281411138
206048826
928159244
995294198
276286756
725174748
995487236
582541816
241251628
714407652
733521516
975644524
1025204658
22108430
978369904
41349886
844618008
738456102
886011730
967858458
599458768
433244572
677402700
586495772
531665230
629611570
773211972
140814848
493355504
734766458
577384388
906946834
829291072
535942620
566243828
854600138
1044472544
472600576
276413968
217315240
788296988
913303288
551428300
134968166
1053202562
26343850
152207728
830557648
40689828
37374150
732247432
309104132
34459002
1004097380
235632208
1061764730
903514782
629796916
825430256
518031114
476325934
451975762
1024245500
890094534
1015743218
402269148
531593504
598845832
617638116
328869304
966418024
6819194
259723694
338121290
1049627546
319556824
30034112
1006326596
879888038
870395082
880367722
1048468014
404390850
443772554
412248442
91764620
456134724
928944986
949865466
125214132
809044030
1061970320
50225550
856909038
16476614
320381104
32511084
699414542
34671270
131785164
1046573062
881026880
978021656
571533150
1021827338
375804558
581611948
355846624
691221702
216166766
695840574
632990120
807123596
783668096
790121190
200605684
714158988
393292270
1057542080
1019628382
647548276
639207438
550205204
361591688
509649256
1018241898
377755862
65077646
366635106
581466580
597203814
279537586
1002617274
1044995306
131728544
345529864
1009998662
455845456
684002502
488929190
546194114
920857492
769847636
277073280
341602338
429677842
606812032
319864980
329038278
222705642
511028982
30046844
884490324
740740094
288444050
924040042
482986150
220517464
193398342
293894284
313346916
1024016548
1033185300
1007734700
325924604
659480992
211932736
564827118
149182446
396609528
1044592032
1009145198
806150630
183227338
166206272
178862150
227491766
840917844
430781766
570082184
245843146
962139658
130913202
547141424
12336658
318231400
412817250
77510156
671048542
469291332
1038047974
60649390
1049249472
1007638722
514452324
534829998
992859116
343793574
961758480
310391264
751094564
421020424
377883136
536025260
715900584
29940282
161190824
331713932
909180514
529533682
778833940
517800294
373025228
351807870
1024648360
95843620
563407752
765515994
809912776
181516304
22527656
62244378
168383276
952792644
418576118
826548594
174645666
939636728
308308332
604802812
376532012
249607636
657403008
782588556
58765982
999749384
207613988
885632078
643984112
499618324
533452838
889018032
954042658
775053022
985071904
696321430
402473118
849658676
701335720
980155828
210695662
956994168
469251202
111401494
589815284
1002846172
435872846
356839564
435640880
996571552
224155784
449831598
390074442
388536688
1049783072
1051158398
209188196
62028816
812744818
900204
151415324
504350866
73000710
212609490
784864094
486212904
316332984
962181194
232291448
307651914
553108192
891110354
1008174632
150239332
363947108
709756080
241533064
684258532
537976576
1011911512
165357454
751447562
85239554
1037449300
198989214
74310474
320386126
645836922
390774088
882563178
814933098
38515776
424043124
359840570
813702462
901318450
70391514
675490844
962315106
455160944
944929234
169717144
722950090
866626636
717181028
959268112
748291346
728166448
805811650
489685716
552428832
1040052486
830617382
568860022
920340382
566798884
862068334
278163730
367855190
803007938
175583176
648551408
914692248
153261006
965720614
400035636
654653392
466520428
157301046
116667064
823656184
277586436
1000653806
217645164
385372832
783007136
270955772
200284952
98401280
320363526
191907172
967338498
989885894
53889246
350922160
871183052
699799354
731905976
800628784
36497342
976191046
818152770
417509894
589310072
328029446
1044001336
465946540
275931814
879088580
394820276
634710800
774054470
131919968
662543202
677118872
172009206
397172956
740766474
598230230
119384150
754082178
27588302
860549388
483846524
276124928
701763380
960216060
564955728
764541518
183030398
440964404
354417246
286344926
310750894
505989836
796110716
750176834
1021758720
733186378
991410308
758349932
1031790534
439106234
104105578
36195458
834648540
1024628048
783291030
858850828
1042116874
157014528
765237850
280955312
724037672
43816108
184799344
837365390
299602970
70989784
589576342
588291924
816688208
196356016
524924520
434763246
7969070
463701750
686642404
159364466
641378116
39579988
141735794
47291832
968198960
497971948
506793398
216195696
536011286
697335790
3733516
1016043382
597543510
909916236
870866210
329481206
999949212
729120100
934165652
486430944
284781474
340075572
752661364
881405360
144233236
861488178
1037056130
330503730
611902842
408205038
737641176
501854966
394801242
592084192
136601412
751840956
530803162
860323442
652666608
684527006
139717806
132637746
227285590
39989998
115284518
661114676
361872000
643455782
176434732
437874740
321379014
3864930
826181476
727432214
827315192
520845272
364982538
435654610
423967388
190741306
687086936
28702994
850816734
79485588
940718996
293361612
363150132
698546000
563331786
903882630
329861542
555161414
1001217284
738370008
348671914
27727740
1070987880
968618896
48035758
508229058
264762054
220730010
471170200
729528216
246581978
135504520
685132732
485532580
941608074
74666900
622280086
1067372996
28533742
829175452
7094824
31030646
977585578
837854322
1035201340
258605218
458793732
453157066
455842876
351042488
1006490636
945144176
117640692
265254306
67586556
931130580
69744924
179092762
190469156
998281492
629169898
425000076
187029250
187820910
502070942
830468344
557804170
437411152
129290872
273976252
414923382
985000278
456248612
181509796
564292926
1015301856
171086920
231367652
38205250
295738756
467140668
183875798
169156948
573513488
404732452
189424400
371972628
280129742
356741310
462836060
935703436
1001441848
785380542
218279892
1035609864
175611570
490876316
1034726486
545657654
210169494
694084836
367367746
669157764
1050752946
45196596
929631506
906939068
346581368
368442122
635103918
747545556
254830940
294540458
242667152
944378038
539635746
6398884
521028026
690316374
603943456
226505362
910235832
829137938
133748626
631859964
832585094
733530706
336614214
170692068
988601358
172414778
831711306
318867722
366038610
730519564
949415048
768163622
829090846
185475812
906273150
899575668
273085342
702164244
481852816
821177546
209434466
925975456
895092112
128828440
748250702
647398288
468336378
1029149754
598700868
639662286
900827866
762900422
215606922
581034748
134159084
598718628
185468526
180444942
889395532
262910692
233132842
1060938696
374900428
731474756
423649170
824514952
373237030
330680696
345504572
458332984
704081908
826201398
1000079370
340588700
498248452
727021086
403548624
7557400
79059820
618177520
461238728
851965658
475255806
706426652
230527232
654516816
474681334
151433624
750410436
487269686
186519882
586202478
507958408
384753178
49432834
182340062
870336692
915090610
959068164
4452500
816302484
196060180
859678328
439375600
763591092
97338882
722775218
88593978
1017405282
272223824
1064371702
637710788
353974868
52580292
567477714
771010270
73924430
706239622
559387884
804441372
1045491250
109132680
975172082
373551144
979729732
376692976
1038590102
411081966
401853312
629874870
745396370
964085606
854577720
294266350
96918034
299096036
732802540
275214220
752639142
637213706
1015846078
932280210
929141206
332704290
366071120
957483978
211822972
45115844
197063492
672275772
208403464
275761824
30891188
143586774
4823204
99258798
134563946
8373096
175639784
70793040
907902736
883497288
190367958
720390344
236288164
278785656
713757020
844316108
1040233110
179624704
198019630
158351360
845843962
15104908
639257722
1026324708
175613416
332017130
214456218
522144946
637930968
227343032
142303358
662986048
1048529748
424639408
341117968
315912502
613674876
701418840
519950868
499746844
355614220
630576180
986104018
1010758806
203137362
338968618
707989446
759198940
735300190
464123164
701611662
329747692
427011368
988959892
27836296
330383826
426366934
101291984
268986168
577535156
853442166
1070793470
761131068
859189426
936521182
492204586
955284330
101664884
385969434
1043195812
558877724
729516540
755823634
251106554
949622062
289996384
894506406
991648564
358675038
785463602
107688032
104841462
346374944
433787918
954411000
601237282
402442174
498157452
384434408
370355966
917822840
878485816
492093464
797708690
940357698
490720496
601927294
1047083428
650931432
223531408
1035363386
947706768
652820584
55543168
854658162
578049730
996682126
381784806
492688298
241533350
615917640
716715664
754318760
63565262
976884090
554988978
750504318
776747430
1014953180
114899170
96075774
130490840
361013302
494903914
597975542
339735570
167395746
245097490
261341852
510127156
810578282
71648438
933201530
934235966
742054450
551533906
20224538
75424562
774401454
139587296
122159674
185431990
136821018
417018252
3731846
53523312
125680106
678996524
701278572
582296548
467518602
321295788
971930994
267860036
889524204
91629774
232723702
309252026
372187278
606180484
157806706
512138880
292970566
476037414
836053242
1030757878
506159968
472384998
797648164
790299810
698119340
864709502
258875318
653319732
84357746
46228186
822577504
446353936
227053866
694637326
476458014
5703358
87667502
491039430
685705210
416733882
806948772
731618568
1020026346
410652360
14416546
1003984790
1036126764
304743842
649860398
104749906
43776776
28579912
594126514
603458268
717260932
495338280
853400354
289266112
1005532666
494682856
855757966
557786446
898239206
507971304
1010706774
416989786
599156436
522733044
980542878
958735136
685325580
346853932
644414638
729360472
481075500
593338124
185064226
421604750
698209518
459121006
853254518
37910090
582494710
781309634
1001324974
522721086
111094588
283279838
634448770
633611984
812412000
462917828
743970684
121909314
982972002
22762134
175124690
125936972
1014268020
66520330
750847840
582162246
25894482
241364560
774198728
1047766584
737182528
911474992
160515788
586823632
578301702
1061850060
695018452
959671306
119670844
327390258
1071247826
51665626
798086134
974140008
441158206
953496948
1048769866
738887462
648287906
895369382
902350530
547365578
180120584
540252896
11052604
402426260
617984084
274775948
214648406
243928800
896698294
242629768
72653080
547977696
165952680
879847252
241138880
219213902
874516914
431992152
429915278
33993016
326784234
491925426
350224818
644054458
860444064
825440688
403697700
441470114
1062147128
80820570
619116118
583780134
582030200
512804832
693711824
520686708
341542274
274964470
340260380
764059718
1050146132
63158888
156690734
1028957430
277045936
435945962
267137356
284685952
836467924
211952560
227648046
157733358
122277284
784151668
781641502
516000362
394475094
586000402
448054266
197640076
629329396
572136728
809259484
269265714
379844252
1038245266
258744056
1007932802
125630782
279724216
71247950
996382700
842405848
283484930
858928626
764545708
656378590
184082632
667395578
642465474
934254370
503271320
614444196
805600534
511638020
258477588
86892160
625474748
513014472
242523672
230772968
717792584
429651396
380637786
652908316
796267936
810203642
439577904
346180602
373165252
479229630
759346094
18742202
31297010
483899918
732596602
435786354
329393912
202008632
841456928
143290112
190624276
759286692
1015347278
352899306
271888140
276338808
809846486
2909938
347320254
798065930
809077062
587135968
735457776
455293956
140639292
808517288
233735946
990658222
845568712
470907578
854778376
15406052
1071140456
1018799746
915562806
231295170
153495892
831337244
991647052
793916336
527762600
296246428
995006212
798267810
293695004
609725152
592289696
56809746
259532648
611148972
385951428
281234266
224025324
971599746
997887000
857208696
78530468
921081218
328250072
171391272
513659764
852701214
508882808
846584558
251284426
303420710
915585166
839917882
908648124
989667554
343501226
594680028
822571492
1003024496
573388898
820802112
550772200
801432404
931436174
779108548
691983702
469194576
932329636
806297972
1042100584
929277932
114693496
283902536
513102054
594303498
1039525130
687455150
590607874
109265428
227430630
658474754
448971930
337064304
694598096
336599660
469006334
885167828
508665916
870968252
701549088
912142328
181070616
805162500
295587120
87048018
83022218
23057926
361126926
394434690
181935990
366127502
861816288
825758132
322751256
453616404
765900978
17425312
613714852
113931180
833755210
430058040
1037644216
87074444
32631338
577446520
928868484
557708030
371738126
1071064484
813544862
1025182608
638292790
764009308
451174638
123908738
555716194
125486228
65279424
915337796
409817584
509752054
33912714
95680096
886202984
955111470
48302092
179001634
113344620
137230788
263414770
443588238
42114714
380927490
782205054
977241718
784844286
786102724
857930246
179696758
131172920
703903938
284634452
387508350
732961930
346760172
781389780
528838888
70172968
840421300
513597836
1022430382
929863266
272364480
156768332
237150298
142414736
626143232
286603494
91375850
225805036
867796894
351198798
813550480
493539514
198245112
445078208
337941130
726432378
366669238
327554398
112644640
1050699366
435331158
942124148
190218066
60439788
296042368
777844280
375773760
9507198
552858716
755780322
564522016
832521406
837256958
387831244
125393658
1065356088
723490338
963050664
352291750
756106078
756609256
237979860
782395808
1015034658
595096390
363977304
1062969524
338312068
950365970
959994056
580660184
186244554
880736278
238090136
126393036
444485654
536828846
412445370
836456292
495603640
17548082
987264448
1028125970
139960762
588492300
753761916
527247382
35252458
874097938
601566038
194817118
72504840
253756732
1032165410
1008784892
592151302
706128632
466489576
617388854
933012480
457310468
624620226
273887668
895274264
949396536
89395606
708312572
845690534
804309248
386440138
806649018
195236976
90667202
830530412
894083212
847631618
463436880
643524900
485297606
459088526
1009625224
18524340
204528968
1048068558
425637464
139596876
190729296
1042466830
189238042
263593580
456044496
170625986
140127952
915277638
995682874
130416122
94027510
178563918
609375706
20260076
445257636
951938230
294989100
958907458
59234502
354594856
402638736
489475114
522327206
549927496
506384714
994566462
464358428
1053895648
343703696
631755126
64141350
117827060
560427422
558157656
398633886
483515134
579081114
619340
360341262
427686874
414004732
641154106
530311716
974219746
938317252
720072286
791615988
598301222
281330798
368403784
1010680082
796389738
326524212
735755318
594407558
416725254
969747048
135565976
241508300
177489384
311147832
197702038
932459816
428227198
670157368
358381552
909872298
872094712
1003915264
808815976
642775088
406373884
561087782
945723402
294598292
166391740
666725988
273695342
861521084
1035069370
695377162
1012723402
540840922
967454294
643200248
610729460
706329170
254064572
320148948
593567732
1045869280
10277184
664882094
761790882
244829340
909908634
588827524
740277884
169816908
493774626
57374694
396601668
144648278
425635534
1040915062
873948702
700714930
147632760
1056318012
1050828004
122874632
417966564
368370974
856186590
155873374
582934818
1025726338
890603858
769401800
1059403476
1052608572
1026838598
598016930
823832756
562300144
926064006
839578700
344900826
748913138
937071200
360942192
56333336
771411296
995939176
387192892
308129960
696453470
871507802
88098128
388132596
634598230
452954324
381046348
905011164
666491868
613430924
766101704
256649596
125251890
510555622
64319586
190269012
994478474
810328648
296453526
182007102
619503534
299791678
919266994
148997600
908450068
693091506
745794278
914053750
667416400
562292270
196363722
738558612
439823098
640928348
448509038
249760456
801853688
807091982
1037401650
406554052
1018455584
87921940
705396200
794834206
1058846952
852949066
273022280
266077436
611154302
702344524
836703570
56068872
476090756
267629706
1007612024
612594404
563750986
1009385658
556297850
70021866
560332914
687643330
920522808
929692074
512995580
28404936
896052568
116104938
1018050748
654183870
236145478
1040037294
654341512
300006054
121136566
241899432
869775958
808647564
133870988
476009396
513239880
442838004
434109200
747997736
960891358
997732460
897282702
542331650
366317984
538978458
249280720
543633998
980553106
518586984
291574386
53323110
1069282444
10508936
686650008
462136350
860485554
923844238
580305008
921145240
923001618
757907382
575621306
709103108
870009012
58278200
1044705636
796194536
691550956
285428598
306290974
421899388
116167922
863632782
554896272
338876534
90652636
979559288
793959404
238200612
551211726
865103860
527227026
17112384
710432364
98300180
905696804
869286562
206997298
111101122
779173240
776891938
560970336
752379566
540232532
266266842
286946662
743439488
422035164
766556786
497983844
122923078
8549416
403739054
913904392
362701092
103367220
941113768
211173796
852247238
49637962
386105600
1029752374
284417954
137538268
864754778
119348152
42359818
610832724
579719366
4881410
79886282
889559550
358489276
996056366
815412716
158719488
319647970
773066730
780084010
44370708
471649358
956867560
865437916
240277546
423425386
475780136
325447570
250258716
916655508
272769150
678902232
227848934
908657670
971725676
527542706
57070224
44105488
240767216
422597010
760455106
566218558
595476914
727977740
266440302
170394374
241932998
708281206
420716894
729722928
942875694
604896174
208289086
796471184
1058938546
315769536
1021588486
451877954
144132570
1026106030
73214648
705131902
538511966
1050434622
1051485146
121489974
436584338
774492782
824097540
33909562
789272838
14041338
190941342
623129670
95298748
457136802
871727834
17911452
625120468
431623420
240893790
1044473674
75749328
991358120
670288258
972750832
1000206038
938816672
538833270
863055964
872431562
926998422
300888102
120874936
207277072
331280458
579947766
484965698
579650532
856179000
538794960
227523842
165618846
1051545492
881447008
789422408
875561040
504963284
609652288
37325606
871932742
197006084
530356114
190996266
282588406
736996922
272562254
227393418
462108466
521401158
857246304
916860678
428356422
109310922
945131574
72929438
228754466
1049941290
141585868
268016410
881739384
643219846
840523640
459490176
254419230
370719002
621475084
639291426
458112074
879254564
121757444
75979432
964251614
619457392
1042041548
826797190
490013192
463187130
7738282
466589006
928891844
611776120
774426510
1057715824
871444676
1006734092
271471304
343824094
878651068
130727142
585306056
885486766
169385578
464632164
508045286
121165424
660978498
466641970
255167050
211877408
940398136
976966472
182832982
511495318
109983668
425001954
983179024
634283068
171602888
613839962
254155258
387459580
627088262
584934706
648465810
229081688
214361276
681218118
1055708004
492955642
994380430
78632168
356503384
451479030
831762950
567870690
495321696
178725576
128102486
27355110
817546164
490075016
243515550
244284650
622008242
559991388
931995318
983083118
662024328
192810650
696334672
436091912
282769558
40079338
1050115600
492106966
619033096
944392122
791425648
463668182
621148928
196332600
260943736
902422070
212006670
571008580
50027446
329827204
919710184
89287708
924437480
386905216
560037312
105992166
114340886
687839746
303486900
339806430
656682150
1026984572
216801346
752668612
710643910
1047851240
341672064
617106824
219039398
116802114
170902278
818368808
743298316
287429380
513750082
755280174
172889784
964240848
352956940
582541160
992081314
115759356
382972094
626866386
360789610
800670156
120122230
363718338
968141834
245577722
322442284
764981270
959128320
48991860
741555904
203004076
964506800
948023992
282241662
1035437150
321701178
843867026
609192716
343614068
712560892
105648586
782465210
316349094
501572284
697123440
78564020
487847720
562040190
948598932
324763198
778802050
141889366
60618870
813848838
338422868
433588206
1071598926
770611408
763379232
983049918
86145548
875316368
1040886714
120811610
355374614
441436584
742829528
502972468
1034562364
344292182
317994368
643954764
491237578
57359504
592503832
325113850
538611070
729717036
831508164
416460796
192858158
417068014
308495304
933299734
514078982
446773706
947879608
1039413922
682676218
999099758
976027948
929652612
21427670
253605548
761543186
155849002
1032758716
257882376
226445452
304984800
107840496
311345202
83366940
1055878458
715199276
148890252
648479870
718455900
687022822
238704446
633028330
599825638
302322140
459556688
826755754
32781104
32331304
142742194
829166418
419550614
891246930
291750156
61771908
344958268
504418072
774280886
1046911368
44819786
1011613244
321871958
230636518
483494616
202388190
380534188
1063002206
619162066
138611394
701161502
194123894
684621666
157905790
817670906
505560018
871925372
892505758
793935556
892771874
383175904
839743082
212606034
541724548
1054996528
844642672
321052034
131597450
1031084476
996325906
372557720
302221278
474979406
513397880
602890714
722479776
390837220
896634042
413429570
683411258
459351666
640051464
789372410
659938124
914493074
7651400
822245288
745529430
646306084
113044246
650630816
949753020
888469478
525879016
305616146
288750532
962968544
515922938
286017514
378644816
23233550
861585290
155434614
312647328
531058060
21418792
620275494
601615206
266474800
816552276
472983082
911235048
1012480732
606044444
377180522
263488350
1032393810
256158462
287178858
947255834
134895254
392765786
407970522
647576178
970583638
1009748510
655424120
279462320
403136706
165613742
638378796
632899588
305658670
557370062
1063561868
353769100
102244188
586853126
710072206
172986092
364422796
707672488
250980766
857319770
1004110256
138328526
373962312
37270298
620120316
236187560
1037425612
535401260
767546076
374305082
637406920
553422846
506469980
453049590
534674752
607012168
35378632
541716952
315628814
662668478
407149216
770722466
795632002
843027366
351660998
1061861078
297309502
648035576
439677516
501728460
717917986
996403866
501787436
1001262896
317152372
541419142
93008254
446797478
55571920
717858530
737240796
55233972
1042598108
823128324
489009668
745346870
711608474
796510274
435762112
12136242
699693642
321516200
784639518
856815330
463143112
678719786
179723298
909310598
116816322
632223276
644745138
569455178
556980584
1041651386
95827574
1051035890
1068122970
801953484
954240082
375333008
884362458
598761676
117750058
341691668
222223510
218561746
549079878
443073184
332425396
961959166
530322182
317688252
287163726
580090828
229136222
695506984
849975088
702255744
95664044
445206446
317752598
517790524
676659684
584912960
266081532
447155332
142927888
935809582
871721000
344090938
550648562
599920404
370494424
434463794
656455190
458509990
234544914
458892962
774859690
600729782
928701604
469892128
851761244
915751808
544920594
699371846
1034805870
985581064
387442012
57920728
1026268352
77556846
986071878
3573326
91857156
119978688
977125532
5220162
1058090034
1051660690
169806044
329255030
973569180
46030610
117458632
360418430
243271562
346332590
131666998
896758142
872975750
1033661230
279507132
681120944
985109334
151725948
418100790
181016362
881770444
349712916
969735384
317651546
339598076
766667130
765266404
527806520
403064396
584404552
881432254
84894298
919269916
67402706
1058250932
683467174
302965556
130935830
633454900
924024370
696608108
287183126
1029465514
964699538
417304048
98259052
583353590
439392754
944891146
175842074
763306940
415977292
468346356
470284166
1027156636
382664044
99005756
422531276
845553388
105999812
351519624
684349448
212256672
256960026
389918372
263987560
108242182
373808998
659569484
902541246
37183972
687894252
622981920
531383530
1039736198
684808172
48451852
769713240
777136820
72575918
50266608
1026264434
615461820
293453610
429489610
91635730
868867236
1039400508
288598644
645354134
104917032
284238736
593239814
1007380228
840063930
551332718
752153858
888668562
875819286
315150642
791312182
1423440
785430488
106642168
802413150
623170272
1027670662
74620692
178468892
392533000
831723158
833872306
46738334
406017870
848202958
218401858
914548446
54313722
403757430
447309276
805070704
919226828
389679750
1036107144
511977736
938842060
938831926
516552830
761859074
816939980
200721378
802320308
318264328
957755860
728658576
812925644
1014019626
829094520
39221174
147793492
152160002
920480
142280854
128887528
1005235868
1025329006
662436810
274720542
516515646
238646012
146759862
821532534
60607074
528487844
1027036238
1046553418
812217122
158360884
199449360
710977036
759974334
103166650
963894762
387327464
515127242
163747684
7146100
463574970
684525018
390143942
878339302
620758014
865087572
974055520
342927050
1037538756
443503872
3022572
665411914
441400000
603317158
71263624
740965970
903810412
737446274
47916586
343773830
181230468
802846458
408527628
883743780
815507708
757562494
815818602
965726194
986874328
393402320
217892342
591559250
887650938
839411888
514352452
173928036
870451496
464986370
100384716
898607972
771671110
1016902468
992279358
181526044
419185822
77562658
566866440
962290236
590790584
223739118
804426246
523303832
139780884
53570190
472687600
792834476
708752520
304533450
447618
803518732
139986024
200529196
774821902
223339136
342511892
967723136
223654216
596801352
747841250
248957146
173726654
1035820434
888591406
683936634
726283456
843026516
404459958
884695058
993239698
465931474
980999394
93228234
635544544
1005657326
371166106
197105080
796255722
1035185212
28078284
780734316
166435060
1072802012
189492330
35870342
192952832
496705852
540962276
993101644
416880882
676956942
432700354
934420850
734155602
791946328
499273326
776856862
456226178
132936022
434816566
220729534
18276368
238467886
597412778
130101656
602329042
494273586
200804112
595812360
544659092
242961502
1009649378
865763278
572994026
828492692
92440010
844206458
206605626
595260766
1058826302
59533658
958649400
655489434
914123266
1050853848
298043928
874139594
285337334
393297864
904922310
17729764
108919840
712671380
277527964
647350218
375102194
672382780
637387990
164716456
568741882
37138976
35982460
407431770
96714250
277213332
882862324
726378752
884662260
333823766
1043574222
1004339770
260859128
57410462
912612248
478239080
583171760
578170234
457489822
322765244
796281824
814071590
99547340
399630846
350434694
112430546
392978344
436993308
422761706
363553428
989347332
910481184
287918312
907862736
218958402
1023288358
729942638
339275846
869424824
850772636
764227920
41672706
1049606060
860047468
82409082
750107608
1008848138
88535210
641847746
434357114
198051950
30558162
354182680
817286710
270967692
671601654
153625826
739059718
778873368
1055227594
680218150
290593528
288390376
56401798
470755172
340039148
253588010
107677104
70525792
833702594
827701394
167525522
621421286
948338594
1066920606
544847100
861146240
736863648
313219376
601423580
267378676
951118912
35939996
982803418
219940432
702518002
199719600
105650730
867712510
880227912
673698392
335027922
647828014
557443230
1031971070
533294136
259262120
468497582
463384290
556838656
943376520
609374064
350162224
244522166
805725404
787746224
312762792
862969742
1009555014
27973656
254911566
268053818
700909342
169036286
1071848312
568094062
758167118
900126948
639027330
26486908
419786156
874014176
999398650
551802920
62500162
121040340
1057469908
315033908
825641552
620067228
97544776
137647988
123446834
982711514
189802398
311709884
937583808
509535426
358507056
360670588
676701072
431777220
521589474
988735268
955079120
175200280
794530684
902517558
875363224
892932086
913376512
963729484
18307638
879270908
1044221628
395822026
60778702
147753670
118735088
735739066
123120734
341865296
346060938
934382858
838909914
294438
394656090
379250208
309603896
254212060
774741542
24960502
780138484
125439270
810685946
1039021412
772532760
592878992
821251396
767151052
944204706
947792268
939061800
494556300
139354348
376394062
752743230
113393738
885548692
304897700
349289278
704733612
853864702
610991646
643384286
1028460936
603165114
258571388
614346010
953930566
939260020
230715528
500230796
393437170
888777018
702159408
149324126
822489120
35226192
733537602
578947274
1005504104
12980828
132540642
315428242
788386046
143074152
47439342
798694288
706251704
172115330
219254222
473501100
1062150470
91422108
622480942
903990502
1045725694
227127270
123269836
514074252
1068191136
781533048
653741476
878455024
857808974
211759562
872536014
1021961698
139926648
827512458
107280882
554826276
411083950
696321704
52006476
864789178
37960524
442934858
35408988
353906060
515938180
1045532340
247928866
729234732
1020726398
906556336
343400928
747613568
814949230
833924970
274170980
559606418
797283140
341918264
381574192
441812056
476781146
863019790
1003521474
57787932
812283132
601205374
981925130
18740128
850299188
811827574
632957348
972675716
971886878
202556838
604458466
297603144
847728900
321276388
604203178
194018608
722498940
616768014
720987916
494090928
219172590
1064648122
655484870
759422110
20691538
947623004
672838814
796399832
929197918
114598288
323061544
309124352
7101384
356777370
842745518
769505832
484884314
464748388
310216942
430627326
1002892152
1045164214
521118096
231359558
406570986
541418580
828509294
32632994
219039270
123161710
727842572
911638804
686046688
776016968
750742804
178028790
507176646
361659178
706187558
463839434
710915036
908898000
441958862
7912024
249134656
299428378
837779048
147650864
533597072
289646940
694406770
1034333964
702604180
120145460
308446136
96287862
366104928
1024722272
677409234
169862994
653995010
873310296
416997638
625844714
352218586
1002117644
276796402
890124652
928193020
889318130
178185894
624775260
293243580
721760186
723241302
581400180
448142612
408469390
454961584
396591872
333130202
171634128
657944160
468817112
700944376
264565740
346023282
435877996
969773146
485631414
927456430
896252260
784729730
986731152
207999526
275319840
973170840
698204314
272850738
1046479940
715356178
472236384
571691540
479806544
710051754
946388540
1063210598
341482858
1010548720
834878468
659954748
953201394
923565704
1070218518
370600298
456182362
397412328
327510728
432564598
424363972
174858996
932912360
102545680
145181016
487930076
715940778
1045676608
1025365962
285096930
220471558
350229792
659821718
766227464
1012619656
460884474
848394228
464197468
941800416
24100188
771252726
641644018
201416652
955060610
262345598
301000030
591131220
176097392
500367036
947770622
150601192
190844408
365412330
119296052
797756424
485493550
289104996
909314164
1055771456
381639986
565150722
288515838
148031438
421561556
81725114
53440560
222870714
829775392
759283602
796512840
852130428
184866576
726030784
708037174
954696560
430026806
38363280
839693868
758362088
540831710
43282324
340533106
767138774
548173712
11490626
629889870
601426652
338361430
975394624
606146576
1012642964
745025626
727966902
443663660
152734488
363586890
859488378
750773742
250649954
967637826
590025924
560039018
931850692
865857772
133340990
884733278
235377112
745082574
576782702
643801628
596575308
755244130
670819280
112972424
704001036
68608230
787780392
1007159860
314173248
814338284
664397210
225189876
908420480
443211510
992769414
142870866
211291730
87669542
157007710
745123956
18549970
1040853994
481009000
656350120
969290590
108442780
53215242
761132712
562840588
20120040
143125462
766482544
894750994
16182432
195752830
54820396
79929730
958453760
662316034
1063762328
320042504
429130910
100248266
19697278
42989858
751435114
180249176
978926350
974042620
991462656
970331412
253697296
848077594
188679218
144546052
993067344
448836018
849469690
928963760
361359502
939406494
957930476
428448394
972219296
935370368
19253088
466081316
510594816
158276292
179407664
644863906
518871000
739887940
920852698
63745830
842318476
1071798694
435928374
815719776
905716824
869046598
319713568
113012988
389729200
191763410
825884286
1024524018
1019747672
181992188
908458918
309570972
765224858
15107052
955704282
438829554
730659214
961384584
2064258
952425012
543302072
13350060
415313974
207746958
241297570
386440516
429751616
402100602
811750076
881573184
471784576
801158868
132841894
440861008
38455306
522147564
232527194
789418152
638781488
399455780
952175208
301619768
551559536
16553072
673429894
341701458
562584102
804834426
431294954
265255338
801118766
1051486500
1053996870
608932426
910577118
777004838
327593450
123915572
274662386
194368606
354166084
371430364
778072710
6986186
541969550
792371062
294345792
679954752
814353424
353845730
763889772
862174158
313144078
489231220
671870916
738477180
414363006
759407690
1043595152
118000196
187016260
496366598
377565698
106710852
900963698
677259160
500127498
41163812
734298976
106024052
525386344
365665164
754535250
511332146
398188106
16896712
1001936426
808643908
671656552
466697202
572260908
909414556
597511318
554615352
759632612
485711656
553444062
523922870
155874832
868913338
657033176
584887416
824810674
37838882
796713674
827309480
610097058
559934696
341447122
419223560
698495134
343709978
826846530
867927710
106712606
1023153652
820716644
157791984
261461760
524353062
546114602
488183498
480226210
164420122
130861998
429852068
213040586
107974252
181187726
528882960
240517114
39114204
651096546
843438798
1007938862
722480558
385797964
549607266
403354692
1013471828
557565220
451682286
25412202
332938382
685375258
731884486
487885166
312011434
49846740
1013673352
399094802
288391644
330245766
337639840
687529126
694111050
333526276
912234748
227053970
1045036296
110677806
670662652
340300272
581024606
459672962
531987146
642845908
234219082
475407102
54425844
306901116
1022693324
356238306
1014078628
198415438
515276776
553538174
658787638
672551716
1035283552
181620832
429610802
75725974
250174260
180789890
677860758
992253198
622630030
482127634
59239702
607635890
288584130
230028156
827652478
1050848110
12766142
174427488
719530074
888169836
743028016
929604144
566363084
524201036
87762800
883092534
635641890
327095028
357175860
609404968
386248386
684399652
808646516
279548988
564759990
72286776
445825626
657482706
386654152
230681696
352610442
153420604
764952160
76326172
645227736
1059890062
220709034
896641044
837552334
32846392
908892718
905116582
266104192
200581592
794225932
65710810
217018446
311532992
280409840
863695038
151077496
132902360
16719158
1052949996
361976242
472244054
381876140
956932752
350435996
833272342
674542524
558169918
284556110
349596072
586545364
655273806
351786770
444412458
72621162
828595456
811008174
221765558
887267940
797259438
169938906
59988918
751964504
197235844
162449094
846548790
1028012416
336148432
390709426
671869704
622660356
631587806
169328368
1052084854
449157402
921283506
9085496
339577074
225414316
981280652
313608660
502903666
947021636
812227876
165352236
219190052
7219636
1000131778
1027819056
1028220018
536715586
463725466
700433478
221028836
456624174
255979374
748641462
736179198
17911298
1031054424
524236660
992865428
942022974
491868924
635404040
907594054
538960154
635401962
657165574
511176004
971872098
195224098
510955200
768437646
852655138
272038234
931595866
212159904
973384486
647693148
144850212
809879720
61267312
902366910
743166204
615366076
202379668
752467184
956575110
341214892
240148922
419554850
92006314
731775256
505550590
1015764568
751950608
775376132
1000059952
655730432
546652084
872547714
898596652
388709092
700930072
882088960
526812960
57839728
449510512
613340708
944312410
325316430
432137578
569874476
741535182
402620310
953161772
483173428
900343406
808870622
221832218
419811398
791141182
393842122
671224064
110875760
142222948
562930456
439603584
242386514
103278756
468348996
426240626
195711936
645227098
48257546
261357120
453689520
557117368
777704440
310365064
269141130
561477852
554654942
953696746
729179478
179534672
228077882
41889072
107561422
1027808324
630461504
12767300
839449406
397060686
746972780
111166658
590794448
1451102
463195954
144265956
759985184
131645788
211614400
589019274
131024704
533725602
1038129600
421685700
366729890
455783434
265381426
257903354
893036926
754143558
167329108
114931012
266838146
903747244
700499336
255758224
353666662
989316802
581272348
816129706
408425194
711030550
94416532
392084764
34783880
433624460
432314196
1070049130
472653954
284433934
657628766
462936046
389256278
292251644
667399212
658099712
763090172
587936880
553488662
302646656
859571744
638553218
875652366
1034027452
790511588
787210720
198537932
333365208
908872888
791654286
538909600
496575590
566588958
792603512
287779724
379503088
211626546
595066714
897332004
505222958
115867250
494109688
552807670
895338078
197106952
70534144
518328276
522257906
831363930
446471468
157812846
294150676
638152046
957597910
681042658
483201472
605324954
61662136
162507638
566906398
413202358
633222624
879452400
558973332
266796816
906112234
664810788
626616954
767898422
1037257890
371672508
824033712
133709896
905140618
99606250
908018264
102725150
331690358
661365636
714423698
583898970
807895970
466549628
858451584
376478242
627307552
493550294
377269732
689287044
776497264
974237838
283738050
463742500
778994770
385918456
37160992
682917860
242660680
587675798
445025456
942857120
277265654
767683826
232816292
924534294
445928270
279355432
675039184
690459304
373743864
552421200
562578134
1007205592
16710358
385688886
751057212
823387410
422812006
251132710
921156706
763096086
929963948
113550358
967929222
924087780
299637742
913982936
166187946
923251292
1002493108
375063306
661139324
231625076
622152570
923638752
929335170
1060323538
298005482
346377198
100980990
510928758
464274728
222497020
859687604
753962824
934152278
649151978
112462572
173917594
186826710
13181100
73038804
1003986898
716870768
414667746
267856798
844923254
653360924
446434438
374328004
102788404
1052692258
308247504
984404924
434426878
176244488
77317704
277401216
591267336
915400052
978652350
80897078
167974886
559000170
500490252
397081086
240335826
81430456
672507360
39414068
1059228114
731972570
396961048
723757740
687806086
545901444
115567778
202368348
738432902
48507986
570970142
788563446
310499324
576615602
481927454
418560402
319416068
606518680
833679972
512512890
850620904
288252362
579470836
684099042
382347022
677601166
1057447870
1037897200
270334366
105931940
848438846
149215554
250224886
949445450
452884366
239581740
203804732
741949254
672116322
994242074
511368228
635944906
630941886
1023660140
494882932
346651504
573091276
531221438
536084430
409814784
917635270
167138954
1044018296
347186104
74855064
381302796
24028892
563649094
875474998
159168076
124616322
176973264
451434534
463950360
969089940
490769390
421245762
807539730
1060157448
765291482
354048222
862079468
863821018
109768808
42159962
677684556
229201400
131523124
159054090
741603960
847754226
36792698
671965776
907863580
837424552
167657392
328543078
836623782
961158760
551506600
686601606
1019653228
700192006
711799256
678463928
975366906
898068850
712175944
250197692
639319800
472928078
183682852
617867634
765172838
215128790
89248714
898017592
196259924
538062618
299912360
551740452
624866976
251790584
658963638
81246546
865031080
753327508
397951286
795151564
245681518
385285084
533547534
615848300
545596034
826126646
413712884
944220378
912353532
628953446
614387196
962018044
257492612
1030395346
682741826
744657624
667827454
831479456
117461960
819698952
645094660
431634252
259257714
217315114
154692164
830200798
495446242
951916450
416633880
36809866
224683212
848806938
570014058
168932352
240614540
1012806252
840227294
607311408
247784744
444672642
717810532
431579832
570118496
518407428
2310212
761800096
550991412
119138422
389982002
1060556930
188342194
701574124
682775878
509847778
19970718
781346074
627993570
828529442
703721206
394393314
487625022
754135888
738905450
596479034
3737428
554442232
787617744
298316498
515099898
543857806
588564606
478381800
504654362
193267464
371490200
703636578
136946548
946980146
128541484
672251398
367493194
676748726
382640026
537379588
937471222
29402254
617920378
400170644
89834886
239185064
858264458
72218466
138277388
726864266
219514908
260773418
708838322
408822836
88974548
758985364
352475922
446195362
69575052
999946390
931907268
728671968
731914854
769073288
438836934
854148704
662532216
1065438038
908994992
449311442
786509406
258900054
592632302
240070116
368873280
874005776
1021756986
600069104
128205938
977280400
379953592
631040622
147945120
1047141222
44843366
406106650
33894876
173373484
183010054
691912290
819435078
271822270
169959684
275445658
352304590
321628188
974121000
920398254
237010694
418471116
295815046
229194854
740893364
400365894
231809308
516552642
32888034
279557636
80462646
708013770
210056690
855098118
831568596
377497582
1053463166
454162196
501850114
574617962
518947388
1059068472
802641610
816074928
792731074
647350692
965170616
681143944
354465768
219632182
219187452
685027722
1072041226
449618904
113024270
1002476342
785471228
757018868
40621932
487909538
878366922
182388444
289947348
806242134
667640244
157763432
1043092918
375061618
946200952
465938474
789855798
848380576
91669328
906128552
376433760
351863728
408174356
276940232
659683414
37833594
52684320
593218090
697962046
100640728
226127900
608348340
4790634
740417182
1031431664
485863964
406911388
663770836
1046785202
817639134
787374700
253974844
933051496
507491028
515179128
978672932
1044577156
549904170
1016716090
958686816
1009789896
1026463298
290631604
233481770
866506162
341414888
714965048
919351218
875358762
1042232268
1003991518
250426736
569617466
354658350
351389358
462238088
304125274
882066184
762132780
485786588
146342552
730387508
659180452
582112972
85616380
54247320
772146334
28623040
108514264
582486768
725657744
796926692
423662250
462296550
185637208
763516210
202956100
132384868
216712588
206571506
471947686
1069368442
189142136
154364274
113424892
125342866
843551952
555722514
320763494
64892376
649306052
1056299830
136464914
592214274
1065694816
958568844
204726592
722965698
399349452
487535492
722044010
579721962
517788262
967645958
95252932
815154760
172961650
456060068
189440794
448040746
408587676
767362964
120058808
173477930
780031866
289500456
836470102
790480276
245359988
1005748596
354185446
62866094
12873360
227851804
543592790
1054700078
734627230
231216668
533634198
719713802
1072873772
86219862
15275906
820943460
1021692534
498862116
735197744
723258468
375028936
320006994
1020493690
845399270
636316390
540553954
448578130
500855072
701020974
915921488
73635264
1053974448
940650068
876567976
873848736
755194858
105137352
650743820
724370228
739369730
752982680
791447844
499285950
95018092
205446366
705919244
1057768268
728937852
857485576
103366102
661991252
188705264
454717332
386925244
74625232
801804754
382718578
1037745306
95635090
441669636
133688468
792246412
612936788
890888886
722364424
721589396
107978530
272293452
374421988
31232710
921534742
1034104530
102363148
401956120
790104316
35796210
178835764
941906592
963031366
54492156
312062680
581692702
625676620
1036651318
82331482
586948228
1030746424
45880608
238687418
149144678
259828508
670657218
1059286880
347105826
477619520
211149372
621794268
93349094
5964334
223353558
537778072
1011998608
228520584
287577060
823482506
386488008
170647124
225492826
756272242
910737480
408298474
951439746
1045144746
392541814
444978110
686141448
1067981164
57260978
484652992
721481126
66615468
400746620
871830216
164933416
895960036
907104644
123461636
801861336
806444500
1021398990
551631526
38468326
272159638
650334202
296909800
811937040
549727414
263301848
878792150
642602798
890033194
435424902
214772636
561145702
810627008
317005572
830071344
415106400
373091362
274044314
180806368
802451652
950786842
873625682
964817418
681487848
358227074
999806696
371955208
57365672
536606682
619929698
403753242
34272836
819734018
649639526
141942368
371147324
49776334
161174284
882921528
728837460
894255368
435449784
772577516
930720632
1062720638
531449640
366300354
890282636
362362734
734992454
941200616
488226288
825094950
706308330
1033991592
462129178
818890486
719072822
17827804
28394920
3954232
802825492
775892706
949265648
23421270
437103122
378207858
870396290
266202530
73890822
241687708
680809140
572144240
519291272
390182956
173442764
202055150
614993336
964244902
29330820
604243262
1043660774
427791818
767254084
828543096
154477640
847380270
813057076
406120790
136526874
665094148
313742350
1058612422
435569726
35991564
692715546
156204266
420208916
78454114
870998238
21781672
840613114
354235748
743796546
287423640
48998702
26070508
938517462
761370974
479015506
1031307036
595172464
462161980
520298552
290152020
928049300
122659300
928056746
1024957142
725431664
308108516
641539932
76381178
511934710
656514618
788369100
484715854
1017650268
354872714
811402340
880267182
505960948
443982848
333243490
694447090
737125482
121419858
831449824
327449372
693011214
741520528
757105610
386266286
156308220
795038562
298286164
502629404
818876156
738199722
388793204
701020468
564846636
185629092
981970648
1005952608
350418214
992513534
774820826
332724830
497382802
235470576
395482066
1058466898
167013274
899258830
441502752
1027682090
1044650470
739168776
658091420
710563774
907966798
154438196
438600318
671418012
67629590
542515546
982329334
120463084
807581720
114686388
128095608
494679846
663233114
701089074
896180674
290132598
813309654
797718014
163016650
533058126
527039368
715325602
261332506
383575464
573967782
119228544
1060712118
398490120
906006090
1058448266
394511724
258689524
452623320
269654932
216117720
37980794
1036631906
882001214
416100952
233341974
844274506
605271858
208847434
40378588
604061882
913593028
895344674
823055324
498517874
641723286
559502060
509636076
941003470
1029249854
739580020
819781000
747700006
58844422
621459766
3648056
715255516
666289402
854477870
305643258
847946572
663983282
413344988
747148844
206402922
686370968
1004853586
415797344
38165854
242489412
106092938
463703534
194095612
197352510
587451910
115193430
399150378
269112538
958159628
994775160
779888350
252291914
147070258
243027558
33213310
941007078
320149328
747281896
1031701176
780988760
534621814
259724204
773823536
199421744
211664860
760553826
233530150
843471474
469127214
185910656
779563018
281188216
585678442
759547994
126363444
984623348
510578798
1053760322
354622224
613095906
316447264
231075572
300248010
931854056
913062754
856563114
576922794
726909560
46484328
255188892
911294038
944596894
140784464
887167792
972430426
856544014
825001394
799756190
589895522
661587090
391467584
938204754
979097260
870851410
1063388766
1018849982
410150018
817402588
657384196
1002253932
335448586
715149712
175932118
1018293346
823851308
537989256
423649538
652064004
562240580
162405452
472501388
702456648
390999246
186038092
520438896
732447758
421309516
307095978
724449380
288639348
1029876146
905145196
670551476
964339702
826853276
682394776
315908
524774054
412090816
595384278
628959948
981545738
864422504
745997674
598803154
527599516
296043018
613187554
103357190
652289510
535780474
929183642
259595478
152630786
683928068
470460426
1039705146
573447714
348183612
605341232
550153010
237204972
974238014
417459702
344446466
592003594
60782352
384615196
173646986
544758388
67512482
1027600528
607856018
662238592
122491876
708189092
377379340
1041335312
93317920
800309930
320702060
10993592
647944462
549709526
715440008
870634830
384074568
292186502
699040522
672511458
103750714
565073126
398857110
137410232
965962340
237372576
35865336
727195066
349338160
252589590
428773008
693380912
511647436
197002686
92591866
391628072
146838060
809493606
696418412
818831714
239921816
339320022
311130882
127117264
395692526
544925674
121794378
817523086
477201568
458345568
897284472
485546564
971490196
920975254
721928160
567325756
146077438
418274908
852770662
878491304
1050212430
89075640
563032426
422599004
591494130
981249774
568950976
130537806
990865130
89249878
633514474
818769698
692276920
754044914
427457482
64668430
123000740
121067956
433829204
1013016366
500885002
1014929704
754218510
252714794
571492556
243007944
427970566
68496806
228178290
513445368
63155766
31828392
795904808
578952294
788021444
575526436
710008788
821258602
823940458
81702476
718804432
246095184
714203054
918106790
382558360
286642044
795923922
447213434
1013295968
202287282
527452260
366214196
824777206
911370472
367009508
363320528
676985130
1026826968
652701402
992761218
765440594
137499258
65100250
266784252
18683384
252881410
843932742
299933738
931414942
512758818
149581038
965551520
684016388
493286520
870075450
717272104
794629898
483983366
598923898
284064666
764810926
707106868
87616840
368614950
182792466
814275324
117687348
73489118
241306540
546209046
604364256
155737490
500011204
474007922
1014505700
308404104
948972356
926830400
314798610
1035625900
282138936
494713594
979740464
1029329978
302629436
679702660
80438552
549659948
865256908
775683462
67253864
570727534
888799732
752820894
614294372
846392742
899768490
4416108
957792526
393480280
104766886
427119752
841324914
123263374
1038110970
209049936
955115718
863180376
273347212
483895422
259029842
642843114
374735772
823890662
918231344
46826780
398019662
977438266
87979640
918872204
446943042
255735474
736822032
862719380
435204466
255499132
649572518
610949382
88169732
372818976
355847540
82710264
935117210
980735496
309621754
69145336
783634478
1015838870
558315880
669359064
687385320
534709136
918749116
560642652
298939280
214021540
388365804
574989970
549067914
624965968
617571768
232364084
30000018
245140964
261359118
296664824
416746626
587174562
60144988
967075634
795103098
640293982
97626854
839367356
562808642
116934286
1014149356
222043800
756373912
206726482
555755954
330461542
920456942
89840
838771702
717446510
303769420
692792428
910486096
50449826
990400780
837673650
248407846
68416652
694535354
112929856
237200420
285668882
393320218
202189912
645092656
549774540
1020187924
342567902
185337366
773732202
695804030
832207366
76137660
996096958
136603688
757957240
666039692
426910522
788174864
47389706
984912732
262073102
634725592
958045998
82815400
116627136
720208906
942577384
366115052
62355720
836627892
605016816
861647222
940784222
833990086
218784662
809453478
136073972
678289392
236771738
671961738
580407106
679297904
969219696
164138946
522561904
582338440
395887102
969089594
382942766
885946
21859548
527344156
38472070
877308606
344792474
199589918
1070909064
1024364868
152910744
596418568
885303102
295146882
743327300
868227866
302342494
300981922
532460434
26297108
214801730
1048794174
356076474
418315184
1068028094
850380266
750294678
45006366
92193382
25718568
37008186
126116152
191201270
38011380
141211208
10280998
16869960
683238066
377004386
14741732
668063826
796202752
563933800
589982288
145532162
293334648
549555472
1068397516
199036128
868904124
303429638
659477652
686276106
998360404
309022022
383667886
289068004
980576432
873815248
737019296
611853698
923265584
607267196
326340470
681889320
741776106
808445588
694785564
72973090
187462828
878227310
539956502
1054277974
371772172
604471410
451225078
352016190
950341262
683982900
211465164
536282038
947280744
357024694
585693276
133632864
293578978
845489644
476702960
471519732
62736496
1036830418
96305020
280912212
481913926
832314798
698233020
696389552
409330312
629777728
514108382
183563512
110162316
831235962
515356694
729232614
737868298
850198546
598314950
863324714
763040448
915408414
1038330694
40441654
650038020
429849114
208058988
936518064
756581342
715100466
1065705572
930455782
786054410
531645808
644007438
315857144
833425114
1059431674
177055454
731080276
821519944
598289704
420267892
598582020
179307758
299623412
383389800
1052867044
806431054
609680632
433963132
489112582
463363348
143640974
725421166
861224646
571667164
819689096
387876710
223947824
92880250
123762576
107895072
660317552
720068442
702900576
11574110
272532352
553942604
259262584
491612540
292356884
3660216
903562282
325681432
301962946
707018264
368681410
115240258
161321142
67505982
976740762
508003932
895932604
4168162
904493860
94967304
584034758
342100298
88564562
143956442
417125296
192311878
339055174
366282166
523384570
396039870
41173706
433464732
247610908
1031419430
489863752
914630164
827791696
627863710
218641852
83255220
901884222
234910462
756292552
393116888
382101370
660855884
91993982
209949046
631444266
845901930
639851176
929500322
306873930
313923290
919153004
376884442
8714566
936679592
688951398
483670798
388537152
502850572
476308740
963158556
921714818
679455536
727370986
217483868
800332044
540999710
803641594
26047854
37844208
574724442
29750382
76437360
876295702
671331962
249404846
514056212
190954702
3434680
126928266
295234090
1014137014
745516334
1001772006
641859114
403879102
900555614
634406834
900662996
232012084
898044226
346107090
408063870
1017809088
350739384
41809236
855514678
642862900
802553936
19820312
112659052
423289082
625470086
765890308
1036228216
716184940
407885056
644550458
703412794
302147166
566165012
553091574
411117906
120794912
84839520
954163102
250940510
701430688
367473152
326344362
612704430
1048054904
542984850
682849300
637558960
589181930
652078222
552732798
958927182
966802280
97234420
887986576
1013402096
322959798
637153088
891189796
1057150382
579063242
977103246
575587902
200788352
975833368
107204352
919609396
339830634
174660016
232493172
250527500
1052085116
862736802
649053350
766362068
722580358
1012620076
359673756
642137262
938391804
664670608
614751932
1010232012
432635696
1047858172
924447008
881082516
79583602
620445414
477613786
518628412
54777472
413117276
1010512102
576030040
1047527096
722256058
697281430
590107284
235564094
864651080
810404498
992215786
828960412
728734902
291714434
305425866
630932292
334607824
479482904
291452578
976859294
231126690
272271608
797396662
72877932
894992856
896344632
595547976
826132290
333069420
422256886
1011606422
294704618
820739136
505699680
160283320
540730098
257441268
845661346
910046068
423815486
362627136
515250736
965067020
1020758188
309794402
72542158
551229480
605865628
12619778
169977282
944370270
761272958
317413804
251380764
249518220
792024856
428762938
657935958
533319068
368580518
654999246
199253448
251218778
176579676
262106240
203089706
446683832
861526266
67084128
220423766
384758348
681193448
970128562
35457536
765088384
1026831208
880893598
261121980
80125276
74179826
731275386
703669976
721814260
720131266
1030382564
246496322
491823686
922843684
375835220
848334032
256837890
421049322
441797244
800916710
213993528
206467086
80440408
940830152
148927390
787287590
1032969512
623758666
737588724
650108414
477604810
468473134
915531832
102339098
442991788
315177402
728228614
826042308
116337582
724296566
1046408762
496535114
633342742
4177536
90545702
463709324
379477598
85690896
731866006
1012188782
651750458
198610184
563095658
455225744
1057807644
440397418
128505632
1057345408
846423294
258375960
356468182
414858566
678192172
280303028
76951716
594675434
1050599674
83278856
321091284
544551394
804472398
713411076
434372216
396695308
287412840
544928178
656067130
273843674
877739068
945472068
186764940
148474954
1050574072
828044790
569591306
546833548
107464638
919343722
218312736
927077378
422991842
738966150
139735624
257528248
136181930
846476948
961524890
243277694
73732250
817389692
219283320
863416322
91359630
786310608
717977684
516517630
139560582
1008334624
599963954
18515968
934401642
316886496
37161164
564941750
513412026
409411688
1011312104
236205768
603358838
898757088
459544698
623610316
944698918
100016684
813702456
739335828
407528686
200754354
908039370
273595848
960425694
631720886
508817042
1041832636
302482440
25303842
46031788
979343474
1035025494
831100224
840038998
865521438
459360442
576476320
635853988
1010717810
984524564
804933118
502297002
476506274
494251052
784910752
712877570
562517210
903557476
936224188
1003620646
236557948
545661270
852700578
562587572
180347482
754161124
114145964
255756822
661894518
562329184
692355014
691693434
963350026
349183360
778834220
975988686
877362620
528981640
340877590
820955646
558617892
591738816
183191824
578822536
927739180
1066417618
77457684
812292060
680008356
903313702
627689038
841358
797272288
998504400
643476006
844631864
511209612
761397536
1014444692
482439854
935617284
1044134816
348090792
1028995260
149156354
880094862
720265788
49979942
199922398
376016872
815691330
406859788
414759266
595319168
402280492
304974182
407277050
766323250
904707800
565889014
136611266
111358740
877459236
975598554
1017884416
43311074
886075712
739391814
648730200
411628020
1051838194
110328522
905697402
1030708714
297439700
34388598
562627254
77232976
122010454
612273156
302263056
146137482
352972772
729788612
49903566
790610128
405337998
832045656
139088638
220001130
746912780
64509618
277603690
172719218
622145728
289265260
1011955104
352282098
924030490
920849256
88860940
658241880
791022364
397920710
1041895980
663918690
954646358
957646998
791426032
1024379692
889596680
644397728
825161236
317700710
140409400
470533022
55277744
220022464
606815312
911509832
11255914
488877426
431643778
765603792
779451894
344663814
459272684
978359306
1019283550
286582512
431898650
924294462
798959214
162535838
552496392
315280072
991904754
694883756
288252358
563920020
667929214
596245292
91682222
389540320
710621322
612656752
334190150
484577332
127469934
890043664
754710426
15251374
301423314
997009282
174107010
447020398
67874126
1037837044
315386156
425516008
133195026
1020163430
1037575364
82611618
36899198
654822124
968170542
180537306
413452260
55662704
1067139096
282139620
819503698
891777300
685056328
1055439590
854284442
1019792740
126069196
210310194
719532146
565476588
1040594144
501402350
142429816
386216044
840723158
957235344
412066132
67034936
857243378
298213358
686454430
274408350
224013538
642824846
123776866
320807564
376547476
236386548
387709762
562006206
692453004
302636062
534807694
529920220
84508782
622901154
575823350
104578626
166332790
87433608
986101516
164879894
599493912
226476588
246045200
785829654
721249092
780630702
764775182
886307354
96194628
434359110
602660372
755936744
705111146
123998732
920542940
556824662
394632666
385390760
487362452
884571318
315445092
992043844
980762322
727089134
195333398
700943942
93558442
240795598
6792344
260756944
898581146
467424006
238994536
957547542
418584696
349331960
21517154
107226356
570776826
122620430
352387946
171922800
334945852
12857538
669621814
257575146
211241042
952977624
172118864
739421430
657258444
453393380
845857420
41686660
151312496
803460440
241299356
811776358
358372524
200204522
517229942
56453844
658074014
1848404
426501508
702534798
846679766
115160640
977071676
847438714
106453820
211164744
596307638
785052150
463271630
159788880
289648280
837380672
503052960
607584896
44081368
180638398
512154394
367020650
808864738
516293608
115907324
223333294
600752252
675648618
867289394
8256774
495289978
318240670
392823276
976586740
815256172
526449502
245608478
664409558
88453782
66561926
317831522
678122
18728660
616360712
77450834
74326236
171573898
247559592
370309974
1050160004
1062907124
71923688
909617328
525264540
999959662
115772938
366592096
895889414
53662052
698990546
850731530
204518380
713649864
516378584
345536454
62632268
617804430
1014474016
555514018
446254318
485129592
142763134
722290976
757943614
878189488
178666200
162161398
373782202
997295138
624554678
378162814
328569638
657739232
841332536
1028554060
603334736
48086748
904547206
1005412628
175367172
563118764
458712630
221199618
564938138
905732512
427644368
547944062
331945916
341185870
568303022
380153560
10812154
267819776
65635048
299163920
581459216
960860680
67109752
758753370
984303986
258524672
206419094
711907964
579771278
1048251064
746997962
38113220
624176382
532755318
312267718
270412618
850588476
301287016
64892936
66678414
117393502
588362798
775030168
907560136
303903616
992426606
780341550
982214780
762483402
389568760
411587058
1018702878
582953998
693511410
830133034
989981902
84397586
456519322
549944396
339278052
117729804
654546584
681862848
92761906
866440788
497701716
731943388
1036714910
76384066
651219232
281039550
462356306
675895546
58758444
885219592
198811852
978693276
381724566
775904284
807114280
845413244
15959430
9095492
221169886
360370
526607930
232090684
198092128
638106836
232759398
957033830
113141860
322926890
433008964
533785584
1045147634
1034375340
356989248
230325990
409398606
298274256
32620796
134825238
854311124
672428570
979504284
233799010
570253540
542932478
1066277464
1045272220
271125778
558562862
915294190
478595020
476530270
234488996
151890406
370812480
921725736
268331380
1029427130
785276552
1022887992
650180470
250872216
297797754
671092580
167375302
422065670
659635166
573199826
991127952
49025936
337943912
900873944
5984818
424231444
463451944
760501626
88200408
251216350
266952996
1040311770
803153862
457293542
513925662
330768960
752146208
55655540
119275050
958101320
908162956
1015713852
550095662
1031724190
983470390
723682228
723263170
910184986
381499458
1059261428
518790268
946181190
29138222
252123630
503367788
854080764
550158686
415394818
481730814
152157650
682976640
335249322
73189458
859541348
412507962
518607508
1044772240
479871852
807568006
837336364
383197336
272394852
121855086
516599748
652161280
818364868
456681126
132789492
956874076
883450180
500840282
424299820
636518088
356435654
282693080
333792582
453990800
498927694
1026701172
1058622274
991310600
976450824
628696822
754885896
626415252
925249402
844440070
993971712
924058944
194916778
625106408
824911758
848222856
988894446
277151228
682012280
1027940638
960116078
137269320
799992152
271296974
475494822
370058458
412095534
864544794
638772130
109592138
632519144
932386610
868739160
223557650
362299220
897214428
178740490
413046792
974613622
854768980
652284160
418690920
721843728
1066297466
561328854
525840624
795484440
222786488
655123266
365954508
36287256
714598388
281360746
953662190
94844402
340156514
1068997420
808810050
124741914
1055514688
755218454
415077214
836557696
109838738
1010122732
496139686
439342828
596248030
81358400
484031198
798685124
1032786736
775339116
579912112
203213196
529336580
650927704
796547636
798179186
962693542
825399324
912583372
789363308
925269264
344408372
737726444
830394750
92979018
865286874
386301112
580750344
1051643390
736352508
970932886
691470324
998755056
246076476
304260534
34909060
596919950
363925800
24868740
965608920
857654652
474317960
36109764
671745680
50982684
368479868
570043370
728792528
553230212
546379372
874794180
290111946
280951454
38082762
626503672
938396760
642533162
301201308
741334994
295273342
162149058
575289190
1061071606
873074518
294497808
619656764
698066544
921181210
941212982
1030183722
415689260
569219696
209983390
207090316
448100928
2826910
323906724
963618476
385991280
253023244
282220476
329306714
61024568
672412090
509872400
714576104
298192948
250962884
1003911006
676288726
638741470
915676492
524434768
228070602
883332696
597252164
148651750
352156354
623453300
793685228
973232090
770737100
502494834
601401524
191551744
514239440
568026144
456487258
138929810
85311196
154754826
62899828
505369806
235053664
671706476
429731298
16428686
803762992
243624228
766487924
436765314
226512324
575192992
31006282
193632762
802272742
1046545478
796294318
513902980
785991608
297422388
1055852656
52190128
987381278
718955306
812696780
487406070
993101608
806527100
729994958
1056240828
760265386
1039106862
101370774
808019302
780694286
502119110
971665544
445952168
95550376
379387414
311468868
123846142
473389300
710694044
320391548
398494662
629144150
1002041844
980461268
317919118
156295524
598501680
607502234
161466228
970318938
136295368
951993910
379795864
889332122
496160138
570099784
959949964
375390812
534276524
533592216
448799760
313580012
482224196
864521520
57527516
755632850
310936964
448979544
197490344
572770612
817100950
252470542
969409480
819948904
429055704
748916516
33525540
350560226
144472846
769870482
361066122
169636628
174543004
916184592
475792648
336899854
464668034
972916354
720634490
840798918
689308734
147636272
583782106
472096738
681974112
168663446
89062070
607303500
186536516
220222350
1033930858
388709990
923749514
1010153078
552110998
471375604
955439178
284798230
470736542
891734198
109319870
452341414
823876782
304011760
1026783958
133528282
1002803300
584814610
918921196
571375854
19096506
280064070
327532538
659618394
927896522
946237672
604929804
818431042
21377056
705143180
985565308
906579492
178155566
888936734
911433868
421039492
114192690
844001294
796276328
795687406
1068854466
135240886
418127504
591072984
406736226
433005742
505157966
112748184
230371552
458635326
125021742
47690952
140827536
500782226
118969814
36404146
366989424
922677222
555874966
672793228
1019978968
960092720
647852118
37011244
863563272
198379812
241910446
539188638
486436610
789840530
57708694
734006028
944670688
422599324
860442754
97357452
40200452
18608660
363353008
32118084
170138486
256429846
891773760
310977416
8525066
138238420
608884382
253550358
98844446
770322362
956995362
955248762
686259200
274480354
16741124
656662046
1052760436
752831308
926650574
357105268
57127890
985061052
574322838
285690244
943339494
635786408
120940054
348229390
267179316
199465310
133538356
687376480
1045879532
157854348
462742704
149994204
838410574
756675880
73198870
760165572
123991702
281317644
686202660
956629574
758359132
468884584
454032804
898642218
229797888
549654182
540474054
895086762
693744304
44517110
702215258
825619350
400900758
120702822
817046406
616651758
378870458
598920806
59221624
751801128
512422070
800672828
1059215830
160283192
170174780
187762036
708640362
713748100
171035222
873366658
290957820
364727198
265056274
617635978
286583550
130120088
879101758
1014631056
603919694
588091230
402080152
73337152
589435446
84875092
328980876
162770584
862410964
92542712
273550686
1041748864
149324512
64983468
251366636
624888788
280306482
253978538
384232252
621007776
891203744
267414938
297787712
57594514
732686578
415096696
24204802
857057768
912155262
71317134
88057658
868488694
413898408
145466820
804471780
416583272
384769354
171738798
177094118
781218022
1071001430
664780752
706615066
1046428164
740265182
255285452
283916468
515653108
577157054
428362874
222518840
354272830
345517198
475535226
883310108
305714242
1003751878
583695672
784463534
361478454
407748810
14112336
477682792
420629950
194595862
352106134
285966612
449639164
169231996
1025086234
209624434
665179154
278473758
49366308
665677696
162895092
422965978
815894662
907646042
361935482
764736920
792938070
510948920
334104932
242520052
852480044
181616126
781623386
138827114
903387576
450602034
69389428
554030764
143572094
438943824
454232728
84624206
773685092
1026591140
197071428
119471554
1000174162
467217598
151314816
567968574
495353582
79694558
504180118
462679998
996905224
795015910
921722872
205852256
1022204840
980188550
48838424
532627394
8960698
608292508
734740488
350471566
54140230
763938020
45425260
767569672
363021368
133255484
807140378
190788902
384441274
364929092
650820558
191006266
349162836
185934220
271858976
694248562
310362374
1047026744
257698982
30355592
391490238
873211046
376826890
722418026
353021988
342383004
143693024
715359428
1051337218
592071316
556169346
249812278
481470192
1033902910
551156530
265190872
613604538
204217828
267724020
640443750
932212518
391560916
454604956
903521884
866987730
388748852
792356444
249518466
455947420
474961176
702845858
815800386
681338230
386121300
973271644
1034895142
678304440
508183720
696657474
986058602
237686798
115782638
212088124
755158458
640379182
353121902
899774956
339548060
1071606408
772394962
281616862
597451004
447864240
26287442
746612360
796629908
345786294
734212456
277652376
373173258
705712684
759546004
609016450
576772780
48565856
304016574
618163772
395678222
339258488
674173042
850923922
918823478
841840428
313471422
339596716
176666476
734940854
51268198
341092162
646792380
338787040
445786166
898831442
16900396
650437184
583107254
118648616
11562612
961713248
1000466860
726743788
198372812
994241656
786332970
55951032
855675888
137568738
35015526
136336392
126726906
31439580
985443094
599299606
444417952
777441402
271764578
801319662
191464796
613715124
757852896
821428236
192838624
383427962
330047536
293003836
784275320
819248774
774576108
339016218
885840588
665605590
1007097326
662349644
496920560
827383126
315288528
135862286
792743880
660069886
946267800
221385376
210573716
727447528
469979952
539297764
931100620
943429346
520335194
866202358
185806512
1000454130
1059224384
882859840
250783516
532294262
904916162
1000448368
255412104
194560068
867208652
1047645434
28459516
201134298
285804294
193544896
348260118
50711280
831966782
1023381108
328393268
664014176
239389392
661512188
389344178
979941792
461323540
115206590
340928138
865060554
1033720638
996871318
135221326
426144802
11684922
474600184
145349900
673054312
1017028350
327436686
137834288
993836372
719280364
829371020
187859402
992617628
515105924
147489764
138853008
25020806
714558284
61137224
89729944
1028677706
18541750
215532918
746188814
237277568
19071786
986331364
728267056
767149736
698651418
92463722
539778470
174133572
365263762
274509746
643134838
664715052
416630112
64529382
65188106
146355306
931468798
940630276
500014316
564648884
416122780
730088562
230040922
166259386
1012651860
149269624
132872402
840797766
469926492
728594392
69894388
439860384
141649958
163452520
320588322
898282010
605896920
707567628
988244552
1053466662
1005213900
541604830
406264764
974293634
1040925586
153429874
1036979486
1008045338
754718208
576089664
308698232
593053454
689178022
662960648
591751304
533534842
937593780
1027707018
685824818
262512964
287211020
1068162628
115199818
584944256
126963990
571851016
189291962
762377546
594517518
399363320
897088546
551817370
442810882
919082370
202689614
52517110
949687236
1007241956
666620114
411933442
753516604
438247542
702114266
238485232
618329694
388590444
326925348
709244088
508525994
198874562
823474278
574550064
733398030
91545568
591227864
139908972
1011566218
269123238
1058886972
