17829
0
3586045
0
0
0
0
0
0
16324
0
529404
945149
0
0
0
0
3145
0
312811
1700493
0
0
0
0
0
160701
0
0
0
2341874
0
0
3200
0
1635
0
3028697
0
1452538
0
0
720385
710
360352
0
0
0
63086
3490769
0
0
0
0
1987747
1879684
3291552
347
0
0
1903023
0
81944
6427
7077
2693815
0
102277
14834
0
12037
2329582
0
1603775
1445914
2225569
0
0
1196454
1268643
0
2037850
0
0
1439949
0
989402
0
0
3696148
0
0
0
249748
57598
0
0
0
0
21900
0
0
918275
3199503
0
0
784821
4344
619593
2884004
0
0
0
0
2167097
1489842
0
0
0
0
0
2217012
2909225
2938880
0
0
0
0
10060
0
0
0
0
483963
3652164
599084
71255
0
756389
41427
2268812
0
2522497
0
0
0
996487
0
0
1452538
0
56891
0
0
0
1600737
0
2582715
0
3477141
5100
2161450
65276
0
3076772
0
0
0
2173870
0
0
222718
26840
1235716
0
11035
0
1130321
1785641
858
0
2638
3459
564890
855986
2966
0
0
2974173
803415
720385
2938
0
0
2072
0
0
2464203
0
778262
0
4896
2123051
0
624185
1250126
1145
0
66728
0
0
3674
1839848
0
8449
12167
1413
0
3081030
0
3949
0
0
0
0
0
4834
314737
0
0
3709250
0
0
4289
1729628
0
0
0
1281
2622619
3212709
0
0
3029864
0
0
0
0
0
599084
0
1091511
2346409
47157
0
0
0
0
6733
8668
0
0
0
0
1725226
0
0
78755
0
0
754
0
1239074
0
794203
3532582
6366
2508277
0
4289
3616
0
2886345
0
0
0
0
586366
1633
1917
1543781
2832403
0
158
1962564
0
0
0
127144
191940
0
0
0
3432960
0
0
0
0
3282408
0
0
2095448
0
0
2325359
17917
0
0
3243
0
0
0
0
1498578
0
27399
0
0
7077
3372
0
30510
0
14407
0
1583791
0
0
0
0
2690
1136750
64092
1899469
3272840
475849
0
0
322
876115
0
0
0
1494819
0
461814
0
1751338
0
1889619
0
483963
0
0
3203
694439
489525
0
2525671
0
0
0
0
3597454
0
0
0
0
0
0
0
0
0
1274
7040
907583
0
37470
2033442
0
0
0
0
3634009
2303508
733525
1037658
992336
0
0
2662523
0
0
0
0
3401591
1781075
14834
2161450
2767025
0
0
1917
0
1405794
3577664
3200
3581314
497118
0
2241842
0
45103
532268
2938
0
0
0
128709
22842
2349167
0
1315310
1758858
0
7734
0
0
0
0
0
844327
1673754
0
752930
2745
0
0
9299
0
0
0
0
0
0
0
0
0
0
0
5303
0
0
0
0
3610555
424621
0
165081
3447
0
4236
0
2998627
0
0
474
0
0
0
431756
1002919
0
6267
49088
0
12165
0
0
3419
489903
0
17627
6945
324
0
0
3463903
0
21680
1845724
0
4164
0
0
0
25928
2493570
0
0
0
2938880
0
0
0
0
0
0
0
4913
0
0
0
0
0
2121
633775
457193
0
2476155
2918095
0
1905248
0
0
3735077
0
1043076
0
4577
9096
1070557
0
35572
0
718421
0
0
1229290
3587
0
0
0
0
1531252
0
0
0
3205770
0
0
0
0
1424249
0
1975495
325006
0
1531252
0
1126
0
0
0
0
1073591
3421322
0
0
2662523
1194
0
0
1941526
0
658278
0
0
2140086
15626
0
0
1553781
3536110
0
999422
0
2206917
0
0
0
0
999422
0
0
0
927660
0
0
0
0
0
1672025
0
0
3229344
164562
0
1161572
25148
0
1513060
0
3395770
9363
1292577
0
1153483
0
308042
0
0
0
0
0
1529571
0
1397776
0
71282
0
0
3241484
30472
2114659
1051833
126754
2871
992336
3356088
1653728
2346409
0
0
0
174884
0
0
0
1748397
1804455
0
0
1664940
0
989
0
0
0
2601926
0
11389
0
0
3839
3063175
7077
12490
11968
77371
4143
2536031
701253
0
0
0
0
1509941
431756
3534934
0
2253516
2923911
0
2767025
2918095
0
1386831
0
0
0
2593237
1999038
1397776
0
2261656
0
1099766
0
754
0
3400827
0
815625
1688072
0
5352
0
2007572
0
0
0
0
0
861
3189803
272030
3288910
0
0
1229
1952438
0
12107
0
3476471
1543781
487880
0
3668153
0
1646
1905248
2241842
854
1638593
0
13529
0
0
1239074
2799689
3284
0
441239
0
0
22487
2428392
0
3461
2566047
2657122
2859072
2853236
2878685
2635374
2813551
832801
3673
1829050
3723860
2316672
1391387
537181
0
2079161
0
0
0
3278475
0
113957
0
0
0
0
4340
0
0
0
0
0
1943538
0
2056660
0
0
0
0
0
0
0
0
0
1361259
0
3673
0
1302076
0
0
1036136
709096
1598609
355
0
0
528107
0
0
0
1453
7508
3698802
0
0
856
0
118222
0
1597608
1925
0
0
0
0
2279167
1626357
2882
1498578
0
0
3133407
5899
240197
0
0
394471
0
2851125
0
0
0
3440
0
0
0
0
3310947
0
0
2712587
2396
3329
0
274279
0
0
9680
36133
0
1185852
9590
3682195
337388
0
5303
1848687
2097
3241484
0
0
0
111796
0
24897
0
0
1371825
0
751
0
0
0
0
2484
0
0
3297145
745442
0
2025907
0
2060637
2614
1532714
0
0
587
433640
0
0
2196144
544149
11856
3617990
0
3189803
0
0
1919
1081084
2303508
3200
0
0
321
0
3506009
0
1553781
0
0
2339874
3187254
1356948
0
0
476874
522458
2836162
0
6519
1781075
0
0
807708
6846
0
0
2300922
1633
4236
290822
1730480
3370030
1181314
0
4069
0
0
0
0
5925
218444
0
0
0
4628
0
0
0
1283721
0
0
0
0
2612517
1250126
98717
2741007
0
701253
147638
0
2332663
39577
0
125230
1336161
0
690451
36669
1964558
1539770
2508
0
1712113
5949
0
1896252
0
3036333
0
8125
0
3631318
18772
0
0
0
15593
803415
41427
2712587
0
0
1029206
0
1964558
1650
992336
17241
0
0
3049
0
0
2793534
0
0
2525671
0
882040
0
1414964
308042
3667740
0
2369136
0
1943939
432
1879684
3638454
0
0
0
1755112
0
989
3209183
2395352
1375413
0
3029864
26017
0
3243
720385
483963
37928
0
0
665729
713292
752930
0
0
280449
789885
0
0
4834
0
0
1566872
1108354
3272840
4376
0
3476408
0
0
0
0
2117969
0
0
0
0
1648
0
0
961449
0
1964558
2188621
0
0
0
2074335
0
3686
0
0
709096
576976
0
1132431
0
0
0
2230509
2998627
0
0
74961
3475127
1899469
1125
1795431
1504544
364131
0
3010594
0
0
3463903
1126
0
0
0
0
1194075
1315310
0
0
2995510
0
3027399
0
457193
277414
0
1002919
0
3700298
2470895
0
0
0
3776123
1091511
0
0
3110033
3629180
2139389
2329907
29316
0
937
0
0
0
3261031
3439396
9096
0
0
0
821
2223503
0
3297145
0
3338162
1361259
3074
535606
0
0
0
1371825
3214008
371082
0
3728552
3144224
1751338
0
3772824
3990
2123
1531252
3314568
1476912
3483400
5000
3407690
2303508
1829454
65562
0
0
778262
2361552
0
0
0
0
0
3058066
3036333
0
2292898
798349
0
1343
1966646
1822341
0
0
2234391
1276934
0
322
1639
0
0
1543781
0
1188957
2811118
0
0
1020940
2783385
42220
3145
2517762
0
0
1566872
80676
0
0
628832
0
126064
2247599
0
0
0
3300107
0
41427
0
0
0
0
191940
2316672
0
0
190375
3241484
68023
0
0
0
0
5896
0
105318
3649174
2690
0
0
0
0
0
474
0
0
0
0
2157119
9348
2436518
4533
3477141
0
3085667
0
2832774
0
0
0
0
0
2426224
0
0
53316
0
0
42538
147
0
1555207
0
2274181
0
2363932
0
1496787
0
0
0
0
0
0
1118283
160976
789725
0
5625
1737308
0
0
0
49749
212531
0
2991008
1787831
0
2101673
0
0
0
0
421283
578909
871284
0
14538
0
11924
1943538
907583
0
0
0
78755
0
2442049
0
2129619
2811118
607202
2878685
263112
0
0
0
0
126064
0
29257
0
1376365
1187271
0
0
3394967
0
0
2751068
2170851
0
0
0
0
2949
0
0
0
2512989
19849
3785205
556740
0
0
0
24430
0
0
0
0
0
3341129
0
474
4983
0
126754
0
2736608
0
0
0
3205770
6945
0
0
0
0
356
0
0
0
0
3022965
2515727
0
0
1407
776575
0
1445914
532268
2767490
2697313
0
0
2542002
2395352
2935871
364131
5209
0
1281467
0
1211040
32125
0
2437986
0
0
0
0
2379652
0
0
1233859
0
0
8769
3657528
1047328
0
0
1961660
0
639885
0
214519
2458358
2140086
0
0
2988
0
0
0
5888
0
0
3404099
0
1253324
0
0
567571
5816
0
0
1525215
1903023
397562
0
87876
0
1730828
3669703
0
3670354
0
0
0
0
1525215
0
0
3404099
3081030
0
11869
3241484
0
0
7077
3645533
0
0
3483400
1405794
1448
1508510
0
0
0
0
3630453
3054894
360119
0
624185
349
0
1443
0
0
0
604031
3288910
406295
2746561
2807191
472233
642167
0
0
0
0
698553
487880
0
4829
2555791
0
1283721
6025
0
1312070
2827173
0
2442049
0
0
0
0
0
0
3623486
0
927660
1153483
3351559
0
3796
0
1405152
2669
2522497
3194543
0
17655
0
0
1857392
0
0
1772263
0
8991
0
0
0
0
15268
0
0
2521584
2978570
0
0
2123
0
0
266990
0
2763067
4834
2631612
1126
2649049
3582725
18283
0
1795431
0
0
1588601
0
790757
126064
0
487880
0
0
1004543
0
212207
1242527
0
3622270
0
0
0
0
3631318
0
105318
0
3400827
2428392
1185852
2452
96390
7339
1696588
0
3046764
0
0
3721176
0
0
327597
2676015
0
0
3851
0
759155
0
0
2783385
1073591
0
0
0
213586
2016251
0
27260
2371
122677
0
2368276
0
0
0
969793
2580218
3351559
0
3091861
3785205
0
1401715
1382849
2856596
2325359
0
0
4376
1258410
0
0
0
1443033
0
12814
0
0
3651719
3450
0
26425
15438
0
2050276
0
0
2414739
1896060
0
3399125
0
1809122
0
2983
3372
0
27816
2614
12120
0
0
1066390
0
0
0
2153047
0
606136
2903
0
0
0
0
2905924
3673754
0
3028697
169750
0
1135024
1073073
0
0
2761651
0
1937151
2950476
0
3718065
28773
0
0
3010594
0
0
0
0
710
0
1580468
770
3616
394471
0
0
0
0
2026
0
0
2210790
0
0
0
0
3537423
3506009
0
0
347908
0
0
0
1893304
3417319
1953464
0
557009
0
0
0
0
0
2301727
0
0
3058066
0
0
2247599
0
0
0
0
2597494
0
5075
2660592
1597038
2016251
3651719
2732031
3668153
0
0
3455824
0
2964736
1513060
0
0
0
0
0
0
0
3477141
2012
0
2033442
0
33756
0
1114090
2368276
0
0
0
18863
0
0
1899469
0
0
0
0
0
0
4077
0
0
0
1827223
0
0
1778124
0
0
0
0
0
0
3737509
1735942
3560918
14162
0
1638
2679
2665833
513573
0
2103773
0
0
0
855986
0
0
22427
0
1639
0
144512
0
3780764
0
0
784821
2554137
0
0
0
1558370
2902763
3282408
1410226
0
3780764
0
0
332036
2550288
19064
147940
0
2989510
319787
0
0
1933765
0
3470295
3730
0
4248
4693
0
3432960
0
0
0
0
0
1668076
3694391
1347354
0
754
0
856
0
1867420
0
0
2428392
0
332036
0
606136
0
0
0
0
0
936938
0
1626379
0
2134
0
0
3498
0
0
0
0
0
0
0
311701
2271
0
724
0
28065
0
0
23247
2005
3380239
1324472
1536807
834249
0
0
0
3587
0
0
0
0
0
0
0
302644
2405868
0
0
0
3152578
0
1572
0
3446456
0
0
16754
690451
2070658
0
0
0
0
1943042
13608
5214
0
0
113957
0
2780900
2172897
0
7749
0
1816861
0
0
2504235
0
0
0
915669
0
0
7046
724
0
2016251
841795
3552271
1532714
0
4829
0
1848687
1477
0
0
0
0
126064
0
3292061
0
394471
0
0
0
0
1453
1646
0
3072431
0
0
0
0
200150
3261031
2727
0
0
0
0
3295512
0
0
9350
0
0
0
0
0
79948
3221902
0
0
0
0
29474
22487
0
3272840
887882
0
3056901
0
639885
92599
0
0
13148
2458358
3383
818433
0
0
0
0
1235716
24350
0
0
0
3156855
0
0
0
0
0
0
0
0
22779
1077603
1943939
0
0
2974173
3634009
0
2859072
3560918
9302
250248
2449468
0
4174
1623528
0
3514502
0
1295403
1753331
0
0
106314
56105
949993
3419
1336161
0
8221
0
0
31268
2625
0
0
303945
1509941
0
0
0
3737509
2225569
0
3054894
3070008
0
0
0
1410226
0
0
3552271
0
0
3664
0
13058
3147764
0
82123
3518009
0
34242
3384296
2251203
0
561189
0
0
0
1436032
1308230
0
0
1443033
0
0
3661870
0
280449
2201174
3748370
0
0
0
673421
0
0
0
428964
3184144
1964558
0
0
0
0
404176
0
3707780
6666
587
463814
0
0
2112689
3682195
3441496
0
2207
0
1882194
52506
1688072
1452538
2514893
1768602
0
0
0
2047
0
1020
9375
1532714
0
2162204
0
0
2409817
2698508
0
2865623
3506009
1932494
0
51306
17775
882040
0
0
0
3426984
68923
0
0
0
0
0
3696148
4809
0
2735
2170851
0
0
0
0
0
0
0
0
3831
0
0
0
0
0
0
0
0
991714
0
3214796
0
1990760
0
3081
0
2635
3686
0
0
2602068
3682195
4690
2600
68923
0
152638
0
0
784821
394471
0
29230
39500
3638454
0
0
1746012
3660390
0
0
1673754
417822
2057542
2575
0
0
206505
51306
383913
0
0
2340519
3249842
0
0
0
0
1037801
0
0
3463903
0
0
0
3682195
0
0
2600
0
1036136
257250
1460060
30472
0
3534934
34018
0
0
0
2616994
0
3748370
1572
65337
0
1870705
3394967
0
27917
0
0
0
56332
27008
0
25477
0
9451
3206543
617880
0
0
0
1867420
0
0
5458
0
0
0
0
0
66
2797325
98695
991714
0
0
0
0
0
0
0
3124732
169483
0
0
0
0
2078827
1070557
0
0
0
3041295
1517970
3400827
0
0
0
62207
0
0
0
0
2623
2368276
0
0
1130321
3229344
2865623
0
639885
0
0
3110497
3851
974670
3121938
0
0
0
3450
2470895
654774
0
0
2297560
2669
0
0
42538
27384
0
2173870
56879
0
0
0
35683
476874
2725
14139
2676015
49918
1755112
617880
0
2361774
2923
0
0
0
1753331
3476408
745442
0
0
0
0
0
0
991714
0
923086
1668452
720385
0
0
0
0
0
0
0
2543496
1712113
2224
3755041
0
0
0
0
0
653848
0
0
0
0
0
3407690
0
299246
0
1777208
0
3410
3337948
0
0
1382849
0
0
0
0
4964
0
0
1476912
1099766
3212709
0
1953464
1523867
0
2153047
722291
0
0
49749
3380239
754
0
3222
0
0
0
253124
0
0
55346
858
2286543
0
0
1903023
1653728
0
3718916
619593
0
3470528
2491
0
0
0
3554848
1539770
0
6773
2325359
27025
7028
528107
0
0
0
0
0
0
2464203
2224
3321770
2274181
2230509
0
759155
751
3222
0
2356010
2991008
1790470
3629180
3673
3366387
1410226
3387
0
2627
3780332
2874455
0
2886345
2938880
612018
185010
0
0
1748397
2386484
0
0
1877969
1477
2436518
3058066
0
1893304
0
0
52452
14834
0
5949
1829050
0
371469
0
0
2204680
6945
0
0
0
0
0
0
0
0
896058
1282945
2983
2234391
1744567
0
2286543
0
0
774514
32808
1795431
0
849685
2149793
0
2013983
2044226
2529348
2983
0
4436
0
60664
0
0
2612517
421283
0
1576506
0
0
0
0
0
1057543
0
58612
0
197159
0
0
3330752
0
0
299246
2628370
0
1191286
4997
673421
0
0
3446456
2075612
1822128
0
0
1691703
1074149
0
1567
0
0
0
0
0
0
0
0
2807191
2874455
532268
0
0
3210354
2201174
1253324
272030
2291202
1873513
0
0
0
8358
0
0
9600
0
3049
0
0
0
0
9031
1861545
0
2056660
3451
4164
2489775
1638
5684
23500
0
0
1466220
0
1925933
0
0
0
53931
0
535606
2429
380802
2865
0
0
2180
0
1125
2117969
3209990
0
2274181
0
4161
0
0
2391232
0
1211358
0
3977
827902
7408
0
604031
2078827
3300107
0
0
3750
0
0
2867
3632246
0
0
0
12210
3471022
3049
0
0
0
0
4627
0
0
0
2395352
0
1935
586051
1706722
0
0
1125549
0
1953464
0
0
0
2591190
0
0
2019867
0
2988
0
6112
0
0
0
2263018
0
3235792
0
0
14575
0
2947024
1890050
0
2149793
0
0
0
0
1943538
1600737
6384
0
0
0
0
0
0
0
1278
1156698
0
0
0
0
0
0
0
18517
341142
35116
0
1108354
3592635
0
0
1905248
318
138848
0
61508
3318831
2947024
3085667
1322553
0
23534
3337948
2793603
1650348
970675
0
0
0
0
12295
0
2865623
1471967
160106
2989510
0
0
0
0
0
0
2123051
2464559
1460060
41076
3286287
2763067
2405868
504796
0
0
23038
2644381
433640
0
3586045
21411
324
6032
0
0
0
21832
0
23825
0
0
0
0
0
65562
1711
0
96518
0
0
1061977
3634009
1016345
3532582
3167482
0
3432699
0
0
3045
1430574
0
646052
0
3730760
0
0
0
0
1202954
3767
3066794
0
23650
0
0
1126
0
0
5934
3027635
0
0
3506009
3638454
0
1737308
2730698
904512
0
0
461814
0
0
0
37080
2735236
0
0
0
0
110326
965566
0
489903
19493
0
0
0
1473047
57396
2303508
2873006
0
0
0
0
0
4355
0
0
3238544
48670
0
0
41730
0
1339584
2635374
0
3723860
0
2575
1073073
4174
2778
1136750
0
0
0
7488
2631612
0
3399125
0
0
1570712
0
1351367
3375361
1937151
0
991714
0
1737308
2439591
3147764
1043076
0
0
0
0
0
662256
0
2428045
592810
774514
1783
0
0
0
0
0
1332538
0
0
1135024
0
1122680
0
0
2303
575796
3718065
0
474
15996
0
1081084
0
0
592256
1935
0
0
0
3588327
0
0
0
1725226
1484984
0
3426984
0
0
21862
3536
5242
0
0
184
3174393
472233
0
0
1170372
0
0
0
0
2963
2849558
0
0
9600
0
0
0
3079464
0
0
518035
0
0
0
2157119
0
0
0
2269146
113957
0
21110
2157119
0
0
0
1744567
0
784821
0
1961660
0
3258166
0
0
0
4560
0
1047328
2783385
3755688
0
1953464
383913
0
0
3735077
0
1772263
4609
3049
347908
0
3728552
0
0
0
13529
0
0
0
0
1081084
0
0
0
673352
2763067
357261
0
420
2009668
3780764
553236
0
3210354
0
2916
2746561
3297647
0
13713
0
0
2616994
0
0
0
0
0
0
0
0
1626379
0
0
16485
0
0
0
596584
0
0
1822341
0
1242527
0
1597038
26833
0
0
0
2542002
2899476
0
2261656
2649049
0
3231870
1303375
0
0
1893304
582018
0
1484984
3439396
3304
0
66364
3342245
0
4164
0
0
760977
4546
0
0
0
0
0
2044226
2442049
3399595
0
0
0
236
0
1638593
0
0
0
0
0
0
1276253
0
2144965
0
0
3686
561189
0
0
1790470
0
974670
0
1809122
0
0
2942815
2074335
24503
45111
10158
0
6745
2660961
0
1531252
0
0
1641475
1333
0
936938
756389
0
39459
0
2173870
0
0
1410226
0
433640
0
147940
0
1434007
0
3101780
1673754
0
2813551
4210
846404
11080
489525
751
681203
1303375
0
174884
441239
0
0
0
3514502
287085
14939
0
0
0
0
1618934
3436421
0
0
3455824
0
0
3029864
0
0
53903
0
7077
1002919
3127622
0
2548105
0
0
3663308
0
0
319232
0
1391387
3079464
0
0
0
0
3723860
0
1142
6222
11080
0
3624733
1930344
0
0
564333
0
0
3709250
292797
1597038
0
0
245435
0
0
3518009
0
0
3549865
2669
1886002
2312998
2625
1702559
0
3231870
28852
0
3028697
2396
2954680
883
0
0
0
0
0
0
0
0
11685
1037912
0
0
586366
2665833
0
3174162
0
437904
0
2560157
0
0
1122680
0
0
3549865
11302
0
12081
761249
0
0
2652788
0
464
3370030
1371825
0
0
2701595
0
0
3145
0
2129619
815625
0
2717347
0
0
4236
0
1386831
0
8392
2026
3465927
6083
0
0
0
0
0
0
1768602
561
0
2471903
0
0
0
364131
0
0
3127622
3728552
17394
0
1783
0
0
3728552
0
9590
2237024
2625
0
0
2413782
0
0
0
0
0
2593237
2016251
0
0
0
0
0
0
0
0
0
0
0
0
3581314
0
0
1026554
0
0
0
0
0
0
1543781
0
3866
0
0
1361259
1964914
3470012
3673754
2761651
0
0
0
0
0
0
2341874
1684341
0
0
2989199
35572
0
337388
1421
0
0
0
0
0
0
0
0
6899
9979
607202
0
0
0
0
4355
0
0
0
0
982045
1580468
0
1669707
3577664
2332663
0
3634009
0
0
0
0
1758858
2031626
3470012
0
8771
1629312
1673754
861
0
2522497
0
3588327
0
0
3544875
1978366
0
299246
0
0
34356
3518008
26425
2620127
0
1633
1903023
1935
2853236
0
0
0
0
0
1178352
0
0
941342
0
8570
0
0
0
0
10054
0
0
0
3554848
0
2778
0
0
0
0
528107
6206
0
0
68923
0
0
0
818433
0
0
0
13499
2150
9316
0
0
3450279
0
2697313
3144224
0
745442
0
0
4602
0
4834
0
226340
3689116
0
