246
898 664
927 839
957 553
610 466
93 376
569 592
584 235
283 752
651 979
890 743
375 473
761 845
643 811
400 372
933 641
893 891
164 844
913 734
847 983
585 635
694 838
682 984
672 721
745 936
935 439
394 668
915 544
853 923
441 828
435 91
650 831
746 991
499 506
731 823
683 950
955 794
620 642
768 645
639 827
810 724
848 606
951 968
774 413
657 685
619 842
712 173
895 717
713 254
778 799
419 812
837 914
939 802
826 879
864 402
1000 455
292 920
561 343
929 653
868 829
207 676
959 571
577 764
679 678
727 700
909 405
871 454
673 491
661 508
958 484
463 751
804 775
389 880
500 675
426 616
985 892
787 867
578 143
932 554
670 750
777 560
665 833
966 756
753 961
795 980
425 310
278 960
387 982
658 886
656 615
885 740
274 908
770 989
771 714
917 558
952 355
877 633
707 647
301 481
840 970
725 695
698 587
801 862
327 767
660 693
669 757
326 859
298 634
962 384
701 188
904 820
878 790
869 391
781 353
760 789
782 442
956 297
807 378
857 228
759 583
493 295
822 987
267 755
649 916
997 591
542 552
519 524
573 934
988 486
446 395
363 264
912 928
706 498
350 330
312 364
631 690
856 141
648 590
646 100
945 719
902 969
527 901
710 464
947 421
784 360
482 347
986 943
392 779
472 494
445 22
882 816
803 742
875 505
471 946
623 808
854 978
361 429
899 805
852 349
397 680
910 546
874 926
618 967
824 830
626 998
534 975
919 359
477 625
448 374
702 637
738 346
900 335
739 632
953 557
530 772
431 594
924 575
873 860
870 576
662 918
627 841
990 971
888 938
474 894
410 821
492 686
797 458
850 227
972 976
872 385
931 613
744 538
911 240
992 783
858 974
993 907
699 319
851 964
786 887
547 511
849 981
365 704
358 423
905 268
796 903
937 965
541 640
800 999
940 876
705 792
601 336
921 846
865 127
599 726
791 424
652 954
941 703
793 942
382 944
671 817
994 496
246 691
159 881
806 250
525 241
930 716
688 300
233 747
220 715
819 503
963 835
621 813
922 332
884 459
949 708
996 684
681 340
333 995
197 368
579 948
566 465
567 456
380 843
925 977
766 479
776 337
664 654
