2943852
1788236
659993
6768881
1207551
1130102
7438340
5520361
2324551
2593594
3661096
3029861
21733973
5571897
8863295
15752919
16779287
5967208
8784783
3733930
5552368
910481
21769444
4613266
10463274
12211843
16498289
10476820
3113006
24907977
3967785
8358358
5495454
2428544
8509620
13818369
6838188
14780733
31007591
25527381
2142493
26636646
29682262
25771392
14922669
36615639
25969690
4306373
13296983
15553864
15290476
16085771
49191094
17984611
22930662
9724720
39941764
35085924
55088308
28800584
7471915
70288572
4585204
68222055
7795703
67510118
31661037
53111332
40121535
1981320
59030468
58315761
70231036
31075925
43307188
77474014
108108076
12693332
105786375
96486374
106344525
97952578
89672523
45758004
126157301
73432158
86257065
41051472
30087656
28967836
21094080
62255392
76620740
20137279
31236743
115091215
83059662
116747863
136546574
56901037
65722011
37008150
113747973
83068976
14205632
12915136
47797660
68784861
34063971
107602676
471260
24190764
151254563
145120130
13282160
32554066
92759440
81836468
160118802
185048367
66148675
21452813
141814268
19368127
145706493
100598046
74670116
44739844
195089186
102638591
51755836
117198334
6409901
17123927
157223198
5552196
4016312
5470570
107002810
4370224
139636672
130282674
163190336
23579208
62156519
69372974
78661135
220986761
32517865
72440037
231417894
203605270
54184447
258088818
261995990
146979362
160294405
219964916
147348127
25278010
92089533
89183320
137611372
241945951
215189411
57626441
24472063
133460728
102338499
166242600
55819958
75575204
64587746
41711696
2680526
70717252
263358655
1476718
93643855
216001772
292664770
131813823
23804005
179551086
201397505
55514442
2030073
276786930
133838054
44666830
75635657
175476465
330663466
60783378
336744945
154923608
2788348
75257408
360013670
36192654
193421867
7103267
8246082
49921820
2191922
122773314
870859
292492779
45568813
144713562
37067037
48129915
207008861
171338676
364818791
275562011
199418004
220832266
19649276
374766260
32371483
71557820
145535241
396652685
33303604
215757698
238186678
11314019
90203575
277925866
74541266
322917198
107700952
136792093
144293562
204732713
136269921
221855869
260188239
423993526
336836179
3576925
102830078
128111437
60769354
391879142
130147830
366514913
236298388
95014897
242619384
165423542
180838705
32318857
226463285
123687862
379396749
98426229
39785887
52653589
393694701
255396522
410990625
344861184
38965327
228927072
72397081
180234854
246403994
53683843
35960321
181196335
81894499
395856221
2553072
44240390
422007081
291605648
451596151
50015795
149491137
209497553
163978758
8950579
98315063
394596
298649603
96196501
66263492
390622917
366214816
235035135
260800693
273290577
164616295
12113290
521442175
124590636
442621653
32336506
315981301
85773813
279812654
214373796
446196585
380929110
396255150
180941814
536200122
62253016
220393255
67934116
416622542
187921476
216503179
13307422
84689584
25042044
515642256
435746419
190978045
243206562
197570160
549617614
476955917
136373299
44923779
150698482
138760709
462286769
44488365
406205829
524232171
254713273
158045430
612330722
497764914
317412251
150841761
233371798
408286624
91875574
530011328
130068919
51386441
556920418
50961384
77124923
79757275
29292319
199634803
1300644
507606718
587241923
120935489
294731886
211133142
3160544
579212803
151695855
308704064
320511283
169817467
490702079
162133081
149415121
8357038
513900984
398945551
170541604
204113326
649933842
189738328
233013277
45484042
557511042
142835830
690635309
182206441
297682974
481139495
318869888
208353680
48432288
158874885
113978159
147262149
335884932
147573630
547574404
618595821
554299405
701186267
546482165
84270032
653171506
436297592
17021856
654950731
343278279
741468408
68855204
687225380
313603537
638270918
119727666
561274372
610374952
76736897
256627558
384855393
619390397
545995266
480556645
225940743
424331538
373421607
18475838
236431086
719311019
626660295
492702571
660296056
201245953
383930316
622274642
427149653
720077316
280800413
70741738
321978201
293163387
48819968
186385629
705385794
410878765
94305281
14427947
31999685
370048612
284335876
180415858
433896057
460849059
118897582
429831293
56876706
143882651
525230778
343948262
437560826
695820419
189608033
193189564
324382266
106726553
375421212
441563765
666817741
508496771
153984339
9690754
21395664
303542220
146838865
599132128
612440676
737209286
463983310
221525843
66435594
159978800
400085106
845758590
370889446
