39
50
55
40
15
75
55
67
49
39
56
72
29
24
33
45
44
69
57
77
50
76
49
71
80
20
64
32
69
59
55
68
47
50
54
64
47
75
70
76
63
27
60
78
91
45
35
25
28
81
74
68
77
79
43
67
86
29
47
32
72
82
57
60
78
60
36
22
78
29
60
35
81
75
18
57
52
36
29
28
48
50
27
23
65
59
65
45
75
64
30
30
60
69
38
64
53
54
67
79
23
77
63
82
32
43
40
87
57
54
29
45
35
84
91
46
74
25
60
51
37
37
62
68
78
79
42
31
64
57
38
29
30
66
50
57
73
36
81
70
36
49
40
51
51
82
62
59
95
54
89
64
42
57
67
36
57
86
55
87
89
23
62
39
64
71
36
63
55
72
61
63
47
102
43
68
31
55
64
57
66
67
49
47
60
86
38
70
82
71
63
52
56
46
70
57
81
39
75
49
68
59
39
52
67
37
57
32
59
32
74
32
75
87
96
29
53
59
77
41
32
65
61
34
40
46
48
78
44
70
75
73
89
70
27
50
61
53
75
48
35
8
50
36
70
37
44
61
51
43
64
27
25
49
75
42
74
46
48
46
84
26
79
48
29
77
39
35
77
79
59
45
43
21
77
63
68
61
62
68
49
71
72
62
82
62
64
76
32
76
58
22
65
51
70
72
79
45
82
38
86
83
8
39
60
60
47
53
49
53
67
46
68
87
58
85
48
34
63
35
57
82
49
33
30
43
70
32
61
37
39
29
49
12
30
42
38
62
32
73
79
54
72
73
23
61
60
53
40
80
27
38
65
80
45
72
35
30
50
85
41
36
63
73
42
61
35
57
91
66
59
44
69
41
29
63
37
57
37
62
67
78
79
59
82
58
71
55
76
80
25
39
38
35
58
61
86
60
29
76
43
58
49
74
70
29
70
67
31
28
58
51
70
49
24
60
72
85
75
89
59
61
70
78
64
37
49
48
64
60
52
37
23
83
49
56
28
62
59
53
74
56
78
51
29
69
76
66
82
52
45
73
39
96
78
38
80
62
37
62
48
36
50
52
64
77
85
33
35
40
84
76
23
74
59
70
43
43
45
27
61
53
35
34
39
47
40
25
39
70
78
72
30
45
38
64
75
46
53
100
27
28
38
39
95
53
83
87
30
56
60
48
49
58
71
70
25
61
62
86
74
81
86
91
82
82
87
54
79
77
81
34
44
58
52
31
58
55
48
80
39
82
67
58
38
55
26
43
45
18
39
55
52
41
96
71
60
49
37
36
61
29
33
76
47
31
61
59
69
25
79
50
43
41
74
74
44
38
51
57
83
33
52
70
55
42
20
52
93
75
41
40
25
78
31
82
67
83
94
40
76
56
70
71
75
60
72
51
82
57
81
38
74
64
67
37
45
43
56
66
85
24
50
66
75
26
64
25
25
64
56
38
30
76
23
17
44
47
61
41
36
28
48
55
74
73
47
41
43
67
80
41
30
66
70
31
64
47
91
62
24
72
42
24
74
69
71
54
82
61
92
15
42
43
41
87
52
82
47
50
56
82
77
65
32
51
51
87
26
82
75
38
20
78
43
83
81
44
53
69
80
87
51
51
39
43
47
39
55
52
62
66
56
87
43
75
62
34
57
59
86
83
63
51
38
70
48
87
84
58
33
34
37
35
64
55
50
50
51
29
42
77
91
34
29
72
78
41
72
57
48
23
31
62
45
45
30
31
74
73
59
78
66
85
51
66
43
40
60
84
84
55
50
74
60
58
42
38
25
38
85
34
61
89
31
68
42
69
55
68
52
35
49
72
54
73
65
77
48
80
55
80
40
39
66
68
73
48
45
89
62
74
32
79
88
81
44
38
76
56
77
75
52
53
32
84
49
36
79
95
59
68
41
80
36
41
74
32
26
54
71
53
42
53
29
57
63
14
35
66
81
34
47
88
90
66
91
65
59
48
32
29
80
59
70
85
72
71
89
81
33
30
69
58
54
28
84
78
93
18
26
54
57
35
77
61
44
57
27
50
59
36
62
83
40
27
53
28
35
88
39
45
44
61
74
61
60
57
40
80
58
76
70
51
54
68
59
85
46
62
76
61
79
92
36
66
41
60
51
55
60
60
88
60
45
37
58
59
92
82
19
34
27
56
62
43
89
77
43
71
39
55
61
83
66
49
54
51
45
83
26
58
66
34
71
77
51
66
61
62
40
45
67
35
71
34
38
36
26
