215437493
27568180543
180116250
37670618777
789595689
979894008
616917739
17987137176
21966861980
2538010308
906608861
474535971
15143134081
30738423261
23614553724
34540837
22977555751
286459149
10114730219
800338673
859998592
3174304158
138101768
18488093899
31686655760
22679856733
351938307
625475038
339516936
577662679
26797859271
422869316
3771719768
21172535871
16375808275
13496327750
103096926
16489150839
27815224932
362649891
21266445380
87893564
5645424243
5010721157
81820464
311437375
687075110
728178184
11205842940
74237545
7711244956
767452514
23043535766
3773966140
10520506034
9213709482
584098274
6691634026
10810739878
3647767879
3658196959
958600098
4765004337
800367914
537080144
686242456
291697785
2239102627
7903709070
327010228
18685251101
415244460
300529318
16230399015
