62466
8215695
544617
55157
492756
220853
43814780
6665328
33027453
31961
27912219
5942520
31081929
18657540
31930830
38273391
24071625
36385551
41500944
154013
20259630
29178305
419359
26377875
1869550
4721040
3654570
15698854
40055740
286479
10626093
1385635
378630
44664780
790340
768625
37673979
41865628
18417960
32008065
26777340
3503370
38615277
341153
16401420
16933995
39793464
596358
44035780
5095020
1771180
104714
322384
458220
14613166
1430285
3655110
34995948
-16034
205889
33275118
6167430
18624285
28470438
4774695
37299831
2410545
16405200
21052935
18299205
34162779
16659990
236853
1109255
28800613
26186985
1333585
8353503
11695023
33119394
4452870
25835715
128788
3613125
22248180
11762253
38454366
31820592
1189
1302310
11637513
328112
2323440
-5203
8322129
148217
92211
45236252
486645
3588420
